#! /c/Source/iverilog-install/bin/vvp
:ivl_version "12.0 (devel)" "(s20150603-1539-g2693dd32b)";
:ivl_delay_selection "TYPICAL";
:vpi_time_precision - 12;
:vpi_module "C:\iverilog\lib\ivl\system.vpi";
:vpi_module "C:\iverilog\lib\ivl\vhdl_sys.vpi";
:vpi_module "C:\iverilog\lib\ivl\vhdl_textio.vpi";
:vpi_module "C:\iverilog\lib\ivl\v2005_math.vpi";
:vpi_module "C:\iverilog\lib\ivl\va_math.vpi";
S_00000223fedefc10 .scope module, "half_adder" "half_adder" 2 1;
 .timescale 0 0;
    .port_info 0 /INPUT 1 "a";
    .port_info 1 /INPUT 1 "b";
    .port_info 2 /OUTPUT 1 "sum";
    .port_info 3 /OUTPUT 1 "carry";
o00000223fee20088 .functor BUFZ 1, C4<z>; HiZ drive
o00000223fee200b8 .functor BUFZ 1, C4<z>; HiZ drive
L_00000223fede81d0 .functor XOR 1, o00000223fee20088, o00000223fee200b8, C4<0>, C4<0>;
L_00000223fede8390 .functor AND 1, o00000223fee20088, o00000223fee200b8, C4<1>, C4<1>;
v00000223fede5fb0_0 .net "a", 0 0, o00000223fee20088;  0 drivers
v00000223fede74f0_0 .net "b", 0 0, o00000223fee200b8;  0 drivers
v00000223fede6190_0 .net "carry", 0 0, L_00000223fede8390;  1 drivers
v00000223fede6410_0 .net "sum", 0 0, L_00000223fede81d0;  1 drivers
S_00000223fedefda0 .scope module, "tb_multiplier_wallace" "tb_multiplier_wallace" 3 3;
 .timescale -9 -12;
v00000223fee61240_0 .var "a", 7 0;
v00000223fee614c0_0 .var "b", 7 0;
v00000223fee63400_0 .net "product", 15 0, L_00000223fee6d540;  1 drivers
S_00000223fed75e50 .scope module, "uut" "multiplier_wallace" 3 9, 4 5 0, S_00000223fedefda0;
 .timescale 0 0;
    .port_info 0 /INPUT 8 "a";
    .port_info 1 /INPUT 8 "b";
    .port_info 2 /OUTPUT 16 "product";
L_00000223fee74c20 .functor BUFZ 1, L_00000223fede8400, C4<0>, C4<0>, C4<0>;
L_00000223fee74c90 .functor XOR 1, L_00000223fede8470, L_00000223fee656a0, C4<0>, C4<0>;
L_00000223fee74bb0 .functor BUFZ 1, L_00000223fee72860, C4<0>, C4<0>, C4<0>;
L_00000223fee73870 .functor BUFZ 1, L_00000223fee74d70, C4<0>, C4<0>, C4<0>;
L_00000223fee742f0 .functor BUFZ 1, L_00000223fee72710, C4<0>, C4<0>, C4<0>;
L_00000223fee73720 .functor BUFZ 1, L_00000223fee72a20, C4<0>, C4<0>, C4<0>;
L_00000223fee74360 .functor BUFZ 1, L_00000223fee71cb0, C4<0>, C4<0>, C4<0>;
L_00000223fee74b40 .functor BUFZ 1, L_00000223fee71e00, C4<0>, C4<0>, C4<0>;
L_00000223fee73b10 .functor BUFZ 1, L_00000223fee72a90, C4<0>, C4<0>, C4<0>;
L_00000223fee73e90 .functor BUFZ 1, L_00000223fee74e50, C4<0>, C4<0>, C4<0>;
L_00000223fee74280 .functor BUFZ 1, L_00000223fee72e80, C4<0>, C4<0>, C4<0>;
L_00000223fee73020 .functor BUFZ 1, L_00000223fee720f0, C4<0>, C4<0>, C4<0>;
L_00000223fee732c0 .functor BUFZ 1, L_00000223fee71150, C4<0>, C4<0>, C4<0>;
L_00000223fee73d40 .functor BUFZ 1, L_00000223fee710e0, C4<0>, C4<0>, C4<0>;
v00000223fee5b830_0 .net *"_ivl_156", 0 0, L_00000223fee74c20;  1 drivers
v00000223fee5b8d0_0 .net *"_ivl_161", 0 0, L_00000223fee74c90;  1 drivers
v00000223fee5bf10_0 .net *"_ivl_166", 0 0, L_00000223fee74bb0;  1 drivers
v00000223fee5bfb0_0 .net *"_ivl_170", 0 0, L_00000223fee73870;  1 drivers
v00000223fee5c050_0 .net *"_ivl_174", 0 0, L_00000223fee742f0;  1 drivers
v00000223fee5c0f0_0 .net *"_ivl_178", 0 0, L_00000223fee73720;  1 drivers
v00000223fee5c230_0 .net *"_ivl_182", 0 0, L_00000223fee74360;  1 drivers
v00000223fee5c190_0 .net *"_ivl_186", 0 0, L_00000223fee74b40;  1 drivers
L_00000223fee74fe8 .functor BUFT 1, C4<00000000>, C4<0>, C4<0>, C4<0>;
v00000223fee61920_0 .net/2s *"_ivl_190", 7 0, L_00000223fee74fe8;  1 drivers
L_00000223fee75030 .functor BUFT 1, C4<0>, C4<0>, C4<0>, C4<0>;
v00000223fee616a0_0 .net/2s *"_ivl_194", 0 0, L_00000223fee75030;  1 drivers
L_00000223fee75078 .functor BUFT 1, C4<0>, C4<0>, C4<0>, C4<0>;
v00000223fee60fc0_0 .net/2s *"_ivl_198", 0 0, L_00000223fee75078;  1 drivers
v00000223fee621e0_0 .net *"_ivl_203", 0 0, L_00000223fee73b10;  1 drivers
v00000223fee628c0_0 .net *"_ivl_207", 0 0, L_00000223fee73e90;  1 drivers
v00000223fee612e0_0 .net *"_ivl_211", 0 0, L_00000223fee74280;  1 drivers
v00000223fee62fa0_0 .net *"_ivl_215", 0 0, L_00000223fee73020;  1 drivers
v00000223fee60de0_0 .net *"_ivl_219", 0 0, L_00000223fee732c0;  1 drivers
v00000223fee634a0_0 .net *"_ivl_223", 0 0, L_00000223fee73d40;  1 drivers
L_00000223fee750c0 .functor BUFT 1, C4<00000000>, C4<0>, C4<0>, C4<0>;
v00000223fee60e80_0 .net/2s *"_ivl_227", 7 0, L_00000223fee750c0;  1 drivers
v00000223fee62820_0 .net "a", 7 0, v00000223fee61240_0;  1 drivers
v00000223fee62e60_0 .net "b", 7 0, v00000223fee614c0_0;  1 drivers
v00000223fee62140_0 .net "c11", 0 0, L_00000223fee6f200;  1 drivers
v00000223fee61e20_0 .net "c12", 0 0, L_00000223fee71d20;  1 drivers
v00000223fee62000_0 .net "c13", 0 0, L_00000223fee71070;  1 drivers
v00000223fee62280_0 .net "c14", 0 0, L_00000223fee71c40;  1 drivers
v00000223fee620a0_0 .net "c15", 0 0, L_00000223fee71150;  1 drivers
v00000223fee62aa0_0 .net "c16", 0 0, L_00000223fee710e0;  1 drivers
v00000223fee623c0_0 .net "c21", 0 0, L_00000223fee72d30;  1 drivers
v00000223fee617e0_0 .net "c22", 0 0, L_00000223fee72010;  1 drivers
v00000223fee61740_0 .net "c23", 0 0, L_00000223fee72e80;  1 drivers
v00000223fee632c0_0 .net "c24", 0 0, L_00000223fee720f0;  1 drivers
v00000223fee62500_0 .net "c31", 0 0, L_00000223fee72a90;  1 drivers
v00000223fee61380_0 .net "c32", 0 0, L_00000223fee74e50;  1 drivers
v00000223fee61100 .array "pp", 63 0;
v00000223fee61100_0 .net v00000223fee61100 0, 0 0, L_00000223fede8400; 1 drivers
v00000223fee61100_1 .net v00000223fee61100 1, 0 0, L_00000223fede8470; 1 drivers
v00000223fee61100_2 .net v00000223fee61100 2, 0 0, L_00000223fee65320; 1 drivers
v00000223fee61100_3 .net v00000223fee61100 3, 0 0, L_00000223fee65c50; 1 drivers
v00000223fee61100_4 .net v00000223fee61100 4, 0 0, L_00000223fee65630; 1 drivers
v00000223fee61100_5 .net v00000223fee61100 5, 0 0, L_00000223fee65010; 1 drivers
v00000223fee61100_6 .net v00000223fee61100 6, 0 0, L_00000223fee65080; 1 drivers
v00000223fee61100_7 .net v00000223fee61100 7, 0 0, L_00000223fee65cc0; 1 drivers
v00000223fee61100_8 .net v00000223fee61100 8, 0 0, L_00000223fee656a0; 1 drivers
v00000223fee61100_9 .net v00000223fee61100 9, 0 0, L_00000223fee65860; 1 drivers
v00000223fee61100_10 .net v00000223fee61100 10, 0 0, L_00000223fee64e50; 1 drivers
v00000223fee61100_11 .net v00000223fee61100 11, 0 0, L_00000223fee651d0; 1 drivers
v00000223fee61100_12 .net v00000223fee61100 12, 0 0, L_00000223fee657f0; 1 drivers
v00000223fee61100_13 .net v00000223fee61100 13, 0 0, L_00000223fee65470; 1 drivers
v00000223fee61100_14 .net v00000223fee61100 14, 0 0, L_00000223fee658d0; 1 drivers
v00000223fee61100_15 .net v00000223fee61100 15, 0 0, L_00000223fee65390; 1 drivers
v00000223fee61100_16 .net v00000223fee61100 16, 0 0, L_00000223fee65940; 1 drivers
v00000223fee61100_17 .net v00000223fee61100 17, 0 0, L_00000223fee64f30; 1 drivers
v00000223fee61100_18 .net v00000223fee61100 18, 0 0, L_00000223fee65160; 1 drivers
v00000223fee61100_19 .net v00000223fee61100 19, 0 0, L_00000223fee65400; 1 drivers
v00000223fee61100_20 .net v00000223fee61100 20, 0 0, L_00000223fee650f0; 1 drivers
v00000223fee61100_21 .net v00000223fee61100 21, 0 0, L_00000223fee659b0; 1 drivers
v00000223fee61100_22 .net v00000223fee61100 22, 0 0, L_00000223fee654e0; 1 drivers
v00000223fee61100_23 .net v00000223fee61100 23, 0 0, L_00000223fee65b00; 1 drivers
v00000223fee61100_24 .net v00000223fee61100 24, 0 0, L_00000223fee65240; 1 drivers
v00000223fee61100_25 .net v00000223fee61100 25, 0 0, L_00000223fee65550; 1 drivers
v00000223fee61100_26 .net v00000223fee61100 26, 0 0, L_00000223fee64ec0; 1 drivers
v00000223fee61100_27 .net v00000223fee61100 27, 0 0, L_00000223fee652b0; 1 drivers
v00000223fee61100_28 .net v00000223fee61100 28, 0 0, L_00000223fee65a20; 1 drivers
v00000223fee61100_29 .net v00000223fee61100 29, 0 0, L_00000223fee655c0; 1 drivers
v00000223fee61100_30 .net v00000223fee61100 30, 0 0, L_00000223fee65a90; 1 drivers
v00000223fee61100_31 .net v00000223fee61100 31, 0 0, L_00000223fee65710; 1 drivers
v00000223fee61100_32 .net v00000223fee61100 32, 0 0, L_00000223fee65780; 1 drivers
v00000223fee61100_33 .net v00000223fee61100 33, 0 0, L_00000223fee65b70; 1 drivers
v00000223fee61100_34 .net v00000223fee61100 34, 0 0, L_00000223fee65be0; 1 drivers
v00000223fee61100_35 .net v00000223fee61100 35, 0 0, L_00000223fee64de0; 1 drivers
v00000223fee61100_36 .net v00000223fee61100 36, 0 0, L_00000223fee64fa0; 1 drivers
v00000223fee61100_37 .net v00000223fee61100 37, 0 0, L_00000223fee6f660; 1 drivers
v00000223fee61100_38 .net v00000223fee61100 38, 0 0, L_00000223fee6feb0; 1 drivers
v00000223fee61100_39 .net v00000223fee61100 39, 0 0, L_00000223fee6f970; 1 drivers
v00000223fee61100_40 .net v00000223fee61100 40, 0 0, L_00000223fee6f510; 1 drivers
v00000223fee61100_41 .net v00000223fee61100 41, 0 0, L_00000223fee6fba0; 1 drivers
v00000223fee61100_42 .net v00000223fee61100 42, 0 0, L_00000223fee6fb30; 1 drivers
v00000223fee61100_43 .net v00000223fee61100 43, 0 0, L_00000223fee6fcf0; 1 drivers
v00000223fee61100_44 .net v00000223fee61100 44, 0 0, L_00000223fee6fd60; 1 drivers
v00000223fee61100_45 .net v00000223fee61100 45, 0 0, L_00000223fee6fc10; 1 drivers
v00000223fee61100_46 .net v00000223fee61100 46, 0 0, L_00000223fee6f2e0; 1 drivers
v00000223fee61100_47 .net v00000223fee61100 47, 0 0, L_00000223fee6f6d0; 1 drivers
v00000223fee61100_48 .net v00000223fee61100 48, 0 0, L_00000223fee6f3c0; 1 drivers
v00000223fee61100_49 .net v00000223fee61100 49, 0 0, L_00000223fee6f740; 1 drivers
v00000223fee61100_50 .net v00000223fee61100 50, 0 0, L_00000223fee6f890; 1 drivers
v00000223fee61100_51 .net v00000223fee61100 51, 0 0, L_00000223fee6fdd0; 1 drivers
v00000223fee61100_52 .net v00000223fee61100 52, 0 0, L_00000223fee6fe40; 1 drivers
v00000223fee61100_53 .net v00000223fee61100 53, 0 0, L_00000223fee6f350; 1 drivers
v00000223fee61100_54 .net v00000223fee61100 54, 0 0, L_00000223fee6f580; 1 drivers
v00000223fee61100_55 .net v00000223fee61100 55, 0 0, L_00000223fee6f9e0; 1 drivers
v00000223fee61100_56 .net v00000223fee61100 56, 0 0, L_00000223fee6f430; 1 drivers
v00000223fee61100_57 .net v00000223fee61100 57, 0 0, L_00000223fee6fc80; 1 drivers
v00000223fee61100_58 .net v00000223fee61100 58, 0 0, L_00000223fee6efd0; 1 drivers
v00000223fee61100_59 .net v00000223fee61100 59, 0 0, L_00000223fee6f270; 1 drivers
v00000223fee61100_60 .net v00000223fee61100 60, 0 0, L_00000223fee6f040; 1 drivers
v00000223fee61100_61 .net v00000223fee61100 61, 0 0, L_00000223fee6f0b0; 1 drivers
v00000223fee61100_62 .net v00000223fee61100 62, 0 0, L_00000223fee6fa50; 1 drivers
v00000223fee61100_63 .net v00000223fee61100 63, 0 0, L_00000223fee6f900; 1 drivers
v00000223fee63360_0 .net "product", 15 0, L_00000223fee6d540;  alias, 1 drivers
v00000223fee63540_0 .net "rowA", 15 0, L_00000223fee6e300;  1 drivers
v00000223fee611a0_0 .net "rowB", 15 0, L_00000223fee6ce60;  1 drivers
v00000223fee619c0_0 .net "s11", 0 0, L_00000223fee6f190;  1 drivers
v00000223fee62320_0 .net "s12", 0 0, L_00000223fee719a0;  1 drivers
v00000223fee625a0_0 .net "s13", 0 0, L_00000223fee71540;  1 drivers
v00000223fee61060_0 .net "s14", 0 0, L_00000223fee71d90;  1 drivers
v00000223fee61a60_0 .net "s15", 0 0, L_00000223fee71cb0;  1 drivers
v00000223fee61420_0 .net "s16", 0 0, L_00000223fee71e00;  1 drivers
v00000223fee61600_0 .net "s21", 0 0, L_00000223fee726a0;  1 drivers
v00000223fee62460_0 .net "s22", 0 0, L_00000223fee72160;  1 drivers
v00000223fee62f00_0 .net "s23", 0 0, L_00000223fee72710;  1 drivers
v00000223fee62640_0 .net "s24", 0 0, L_00000223fee72a20;  1 drivers
v00000223fee60f20_0 .net "s31", 0 0, L_00000223fee72860;  1 drivers
v00000223fee62b40_0 .net "s32", 0 0, L_00000223fee74d70;  1 drivers
L_00000223fee61560 .part v00000223fee61240_0, 0, 1;
L_00000223fee62960 .part v00000223fee614c0_0, 0, 1;
L_00000223fee61b00 .part v00000223fee61240_0, 1, 1;
L_00000223fee63040 .part v00000223fee614c0_0, 0, 1;
L_00000223fee626e0 .part v00000223fee61240_0, 2, 1;
L_00000223fee61880 .part v00000223fee614c0_0, 0, 1;
L_00000223fee62a00 .part v00000223fee61240_0, 3, 1;
L_00000223fee62780 .part v00000223fee614c0_0, 0, 1;
L_00000223fee61ba0 .part v00000223fee61240_0, 4, 1;
L_00000223fee62be0 .part v00000223fee614c0_0, 0, 1;
L_00000223fee61c40 .part v00000223fee61240_0, 5, 1;
L_00000223fee61ce0 .part v00000223fee614c0_0, 0, 1;
L_00000223fee62c80 .part v00000223fee61240_0, 6, 1;
L_00000223fee61d80 .part v00000223fee614c0_0, 0, 1;
L_00000223fee61ec0 .part v00000223fee61240_0, 7, 1;
L_00000223fee61f60 .part v00000223fee614c0_0, 0, 1;
L_00000223fee62d20 .part v00000223fee61240_0, 0, 1;
L_00000223fee62dc0 .part v00000223fee614c0_0, 1, 1;
L_00000223fee63180 .part v00000223fee61240_0, 1, 1;
L_00000223fee630e0 .part v00000223fee614c0_0, 1, 1;
L_00000223fee63220 .part v00000223fee61240_0, 2, 1;
L_00000223fee63860 .part v00000223fee614c0_0, 1, 1;
L_00000223fee644e0 .part v00000223fee61240_0, 3, 1;
L_00000223fee64620 .part v00000223fee614c0_0, 1, 1;
L_00000223fee63cc0 .part v00000223fee61240_0, 4, 1;
L_00000223fee64760 .part v00000223fee614c0_0, 1, 1;
L_00000223fee63a40 .part v00000223fee61240_0, 5, 1;
L_00000223fee64800 .part v00000223fee614c0_0, 1, 1;
L_00000223fee64120 .part v00000223fee61240_0, 6, 1;
L_00000223fee63e00 .part v00000223fee614c0_0, 1, 1;
L_00000223fee63d60 .part v00000223fee61240_0, 7, 1;
L_00000223fee63ea0 .part v00000223fee614c0_0, 1, 1;
L_00000223fee64580 .part v00000223fee61240_0, 0, 1;
L_00000223fee64440 .part v00000223fee614c0_0, 2, 1;
L_00000223fee649e0 .part v00000223fee61240_0, 1, 1;
L_00000223fee63f40 .part v00000223fee614c0_0, 2, 1;
L_00000223fee64c60 .part v00000223fee61240_0, 2, 1;
L_00000223fee63ae0 .part v00000223fee614c0_0, 2, 1;
L_00000223fee63900 .part v00000223fee61240_0, 3, 1;
L_00000223fee63720 .part v00000223fee614c0_0, 2, 1;
L_00000223fee63b80 .part v00000223fee61240_0, 4, 1;
L_00000223fee643a0 .part v00000223fee614c0_0, 2, 1;
L_00000223fee63c20 .part v00000223fee61240_0, 5, 1;
L_00000223fee64a80 .part v00000223fee614c0_0, 2, 1;
L_00000223fee648a0 .part v00000223fee61240_0, 6, 1;
L_00000223fee646c0 .part v00000223fee614c0_0, 2, 1;
L_00000223fee639a0 .part v00000223fee61240_0, 7, 1;
L_00000223fee64300 .part v00000223fee614c0_0, 2, 1;
L_00000223fee64940 .part v00000223fee61240_0, 0, 1;
L_00000223fee63fe0 .part v00000223fee614c0_0, 3, 1;
L_00000223fee64260 .part v00000223fee61240_0, 1, 1;
L_00000223fee64b20 .part v00000223fee614c0_0, 3, 1;
L_00000223fee64bc0 .part v00000223fee61240_0, 2, 1;
L_00000223fee635e0 .part v00000223fee614c0_0, 3, 1;
L_00000223fee63680 .part v00000223fee61240_0, 3, 1;
L_00000223fee637c0 .part v00000223fee614c0_0, 3, 1;
L_00000223fee64080 .part v00000223fee61240_0, 4, 1;
L_00000223fee641c0 .part v00000223fee614c0_0, 3, 1;
L_00000223fee6b740 .part v00000223fee61240_0, 5, 1;
L_00000223fee6c3c0 .part v00000223fee614c0_0, 3, 1;
L_00000223fee6b920 .part v00000223fee61240_0, 6, 1;
L_00000223fee6b7e0 .part v00000223fee614c0_0, 3, 1;
L_00000223fee6ae80 .part v00000223fee61240_0, 7, 1;
L_00000223fee6caa0 .part v00000223fee614c0_0, 3, 1;
L_00000223fee6bce0 .part v00000223fee61240_0, 0, 1;
L_00000223fee6bf60 .part v00000223fee614c0_0, 4, 1;
L_00000223fee6ad40 .part v00000223fee61240_0, 1, 1;
L_00000223fee6aa20 .part v00000223fee614c0_0, 4, 1;
L_00000223fee6ca00 .part v00000223fee61240_0, 2, 1;
L_00000223fee6bb00 .part v00000223fee614c0_0, 4, 1;
L_00000223fee6b880 .part v00000223fee61240_0, 3, 1;
L_00000223fee6a980 .part v00000223fee614c0_0, 4, 1;
L_00000223fee6b240 .part v00000223fee61240_0, 4, 1;
L_00000223fee6be20 .part v00000223fee614c0_0, 4, 1;
L_00000223fee6ba60 .part v00000223fee61240_0, 5, 1;
L_00000223fee6a8e0 .part v00000223fee614c0_0, 4, 1;
L_00000223fee6c640 .part v00000223fee61240_0, 6, 1;
L_00000223fee6b9c0 .part v00000223fee614c0_0, 4, 1;
L_00000223fee6a840 .part v00000223fee61240_0, 7, 1;
L_00000223fee6a5c0 .part v00000223fee614c0_0, 4, 1;
L_00000223fee6cb40 .part v00000223fee61240_0, 0, 1;
L_00000223fee6aca0 .part v00000223fee614c0_0, 5, 1;
L_00000223fee6bd80 .part v00000223fee61240_0, 1, 1;
L_00000223fee6bba0 .part v00000223fee614c0_0, 5, 1;
L_00000223fee6c320 .part v00000223fee61240_0, 2, 1;
L_00000223fee6af20 .part v00000223fee614c0_0, 5, 1;
L_00000223fee6b1a0 .part v00000223fee61240_0, 3, 1;
L_00000223fee6c460 .part v00000223fee614c0_0, 5, 1;
L_00000223fee6bc40 .part v00000223fee61240_0, 4, 1;
L_00000223fee6bec0 .part v00000223fee614c0_0, 5, 1;
L_00000223fee6cbe0 .part v00000223fee61240_0, 5, 1;
L_00000223fee6b2e0 .part v00000223fee614c0_0, 5, 1;
L_00000223fee6c000 .part v00000223fee61240_0, 6, 1;
L_00000223fee6ab60 .part v00000223fee614c0_0, 5, 1;
L_00000223fee6c960 .part v00000223fee61240_0, 7, 1;
L_00000223fee6c0a0 .part v00000223fee614c0_0, 5, 1;
L_00000223fee6c140 .part v00000223fee61240_0, 0, 1;
L_00000223fee6c500 .part v00000223fee614c0_0, 6, 1;
L_00000223fee6c1e0 .part v00000223fee61240_0, 1, 1;
L_00000223fee6c280 .part v00000223fee614c0_0, 6, 1;
L_00000223fee6cc80 .part v00000223fee61240_0, 2, 1;
L_00000223fee6a700 .part v00000223fee614c0_0, 6, 1;
L_00000223fee6afc0 .part v00000223fee61240_0, 3, 1;
L_00000223fee6c5a0 .part v00000223fee614c0_0, 6, 1;
L_00000223fee6a7a0 .part v00000223fee61240_0, 4, 1;
L_00000223fee6b060 .part v00000223fee614c0_0, 6, 1;
L_00000223fee6c6e0 .part v00000223fee61240_0, 5, 1;
L_00000223fee6c820 .part v00000223fee614c0_0, 6, 1;
L_00000223fee6b600 .part v00000223fee61240_0, 6, 1;
L_00000223fee6a660 .part v00000223fee614c0_0, 6, 1;
L_00000223fee6c780 .part v00000223fee61240_0, 7, 1;
L_00000223fee6c8c0 .part v00000223fee614c0_0, 6, 1;
L_00000223fee6cd20 .part v00000223fee61240_0, 0, 1;
L_00000223fee6aac0 .part v00000223fee614c0_0, 7, 1;
L_00000223fee6ac00 .part v00000223fee61240_0, 1, 1;
L_00000223fee6b100 .part v00000223fee614c0_0, 7, 1;
L_00000223fee6ade0 .part v00000223fee61240_0, 2, 1;
L_00000223fee6b380 .part v00000223fee614c0_0, 7, 1;
L_00000223fee6b420 .part v00000223fee61240_0, 3, 1;
L_00000223fee6b4c0 .part v00000223fee614c0_0, 7, 1;
L_00000223fee6b560 .part v00000223fee61240_0, 4, 1;
L_00000223fee6b6a0 .part v00000223fee614c0_0, 7, 1;
L_00000223fee6dcc0 .part v00000223fee61240_0, 5, 1;
L_00000223fee6d900 .part v00000223fee614c0_0, 7, 1;
L_00000223fee6d4a0 .part v00000223fee61240_0, 6, 1;
L_00000223fee6d860 .part v00000223fee614c0_0, 7, 1;
L_00000223fee6d0e0 .part v00000223fee61240_0, 7, 1;
L_00000223fee6d220 .part v00000223fee614c0_0, 7, 1;
LS_00000223fee6e300_0_0 .concat8 [ 1 1 1 1], L_00000223fee74c20, L_00000223fee74c90, L_00000223fee74bb0, L_00000223fee73870;
LS_00000223fee6e300_0_4 .concat8 [ 1 1 1 1], L_00000223fee742f0, L_00000223fee73720, L_00000223fee74360, L_00000223fee74b40;
LS_00000223fee6e300_0_8 .concat8 [ 8 0 0 0], L_00000223fee74fe8;
L_00000223fee6e300 .concat8 [ 4 4 8 0], LS_00000223fee6e300_0_0, LS_00000223fee6e300_0_4, LS_00000223fee6e300_0_8;
LS_00000223fee6ce60_0_0 .concat8 [ 1 1 1 1], L_00000223fee75030, L_00000223fee75078, L_00000223fee73b10, L_00000223fee73e90;
LS_00000223fee6ce60_0_4 .concat8 [ 1 1 1 1], L_00000223fee74280, L_00000223fee73020, L_00000223fee732c0, L_00000223fee73d40;
LS_00000223fee6ce60_0_8 .concat8 [ 8 0 0 0], L_00000223fee750c0;
L_00000223fee6ce60 .concat8 [ 4 4 8 0], LS_00000223fee6ce60_0_0, LS_00000223fee6ce60_0_4, LS_00000223fee6ce60_0_8;
L_00000223fee6d540 .arith/sum 16, L_00000223fee6e300, L_00000223fee6ce60;
S_00000223fed75fe0 .scope module, "FA11" "full_adder" 4 24, 5 1 0, S_00000223fed75e50;
 .timescale 0 0;
    .port_info 0 /INPUT 1 "a";
    .port_info 1 /INPUT 1 "b";
    .port_info 2 /INPUT 1 "cin";
    .port_info 3 /OUTPUT 1 "sum";
    .port_info 4 /OUTPUT 1 "cout";
L_00000223fee6f120 .functor XOR 1, L_00000223fee65320, L_00000223fee65860, C4<0>, C4<0>;
L_00000223fee6f190 .functor XOR 1, L_00000223fee6f120, L_00000223fee65940, C4<0>, C4<0>;
L_00000223fee6f820 .functor AND 1, L_00000223fee65320, L_00000223fee65860, C4<1>, C4<1>;
L_00000223fee6f5f0 .functor AND 1, L_00000223fee65860, L_00000223fee65940, C4<1>, C4<1>;
L_00000223fee6f7b0 .functor OR 1, L_00000223fee6f820, L_00000223fee6f5f0, C4<0>, C4<0>;
L_00000223fee6fac0 .functor AND 1, L_00000223fee65320, L_00000223fee65940, C4<1>, C4<1>;
L_00000223fee6f200 .functor OR 1, L_00000223fee6f7b0, L_00000223fee6fac0, C4<0>, C4<0>;
v00000223fede6910_0 .net *"_ivl_0", 0 0, L_00000223fee6f120;  1 drivers
v00000223fede6c30_0 .net *"_ivl_10", 0 0, L_00000223fee6fac0;  1 drivers
v00000223fede6730_0 .net *"_ivl_4", 0 0, L_00000223fee6f820;  1 drivers
v00000223fede6cd0_0 .net *"_ivl_6", 0 0, L_00000223fee6f5f0;  1 drivers
v00000223fede7130_0 .net *"_ivl_8", 0 0, L_00000223fee6f7b0;  1 drivers
v00000223fee168b0_0 .net "a", 0 0, L_00000223fee65320;  alias, 1 drivers
v00000223fee166d0_0 .net "b", 0 0, L_00000223fee65860;  alias, 1 drivers
v00000223fee17b70_0 .net "cin", 0 0, L_00000223fee65940;  alias, 1 drivers
v00000223fee16770_0 .net "cout", 0 0, L_00000223fee6f200;  alias, 1 drivers
v00000223fee17210_0 .net "sum", 0 0, L_00000223fee6f190;  alias, 1 drivers
S_00000223fed72960 .scope module, "FA12" "full_adder" 4 25, 5 1 0, S_00000223fed75e50;
 .timescale 0 0;
    .port_info 0 /INPUT 1 "a";
    .port_info 1 /INPUT 1 "b";
    .port_info 2 /INPUT 1 "cin";
    .port_info 3 /OUTPUT 1 "sum";
    .port_info 4 /OUTPUT 1 "cout";
L_00000223fee6f4a0 .functor XOR 1, L_00000223fee65c50, L_00000223fee64e50, C4<0>, C4<0>;
L_00000223fee719a0 .functor XOR 1, L_00000223fee6f4a0, L_00000223fee64f30, C4<0>, C4<0>;
L_00000223fee71380 .functor AND 1, L_00000223fee65c50, L_00000223fee64e50, C4<1>, C4<1>;
L_00000223fee71930 .functor AND 1, L_00000223fee64e50, L_00000223fee64f30, C4<1>, C4<1>;
L_00000223fee718c0 .functor OR 1, L_00000223fee71380, L_00000223fee71930, C4<0>, C4<0>;
L_00000223fee713f0 .functor AND 1, L_00000223fee65c50, L_00000223fee64f30, C4<1>, C4<1>;
L_00000223fee71d20 .functor OR 1, L_00000223fee718c0, L_00000223fee713f0, C4<0>, C4<0>;
v00000223fee16d10_0 .net *"_ivl_0", 0 0, L_00000223fee6f4a0;  1 drivers
v00000223fee16a90_0 .net *"_ivl_10", 0 0, L_00000223fee713f0;  1 drivers
v00000223fee181b0_0 .net *"_ivl_4", 0 0, L_00000223fee71380;  1 drivers
v00000223fee16e50_0 .net *"_ivl_6", 0 0, L_00000223fee71930;  1 drivers
v00000223fee169f0_0 .net *"_ivl_8", 0 0, L_00000223fee718c0;  1 drivers
v00000223fee17170_0 .net "a", 0 0, L_00000223fee65c50;  alias, 1 drivers
v00000223fee16950_0 .net "b", 0 0, L_00000223fee64e50;  alias, 1 drivers
v00000223fee16ef0_0 .net "cin", 0 0, L_00000223fee64f30;  alias, 1 drivers
v00000223fee16810_0 .net "cout", 0 0, L_00000223fee71d20;  alias, 1 drivers
v00000223fee17670_0 .net "sum", 0 0, L_00000223fee719a0;  alias, 1 drivers
S_00000223fed72af0 .scope module, "FA13" "full_adder" 4 26, 5 1 0, S_00000223fed75e50;
 .timescale 0 0;
    .port_info 0 /INPUT 1 "a";
    .port_info 1 /INPUT 1 "b";
    .port_info 2 /INPUT 1 "cin";
    .port_info 3 /OUTPUT 1 "sum";
    .port_info 4 /OUTPUT 1 "cout";
L_00000223fee71b60 .functor XOR 1, L_00000223fee65630, L_00000223fee651d0, C4<0>, C4<0>;
L_00000223fee71540 .functor XOR 1, L_00000223fee71b60, L_00000223fee65160, C4<0>, C4<0>;
L_00000223fee71230 .functor AND 1, L_00000223fee65630, L_00000223fee651d0, C4<1>, C4<1>;
L_00000223fee71e70 .functor AND 1, L_00000223fee651d0, L_00000223fee65160, C4<1>, C4<1>;
L_00000223fee71bd0 .functor OR 1, L_00000223fee71230, L_00000223fee71e70, C4<0>, C4<0>;
L_00000223fee715b0 .functor AND 1, L_00000223fee65630, L_00000223fee65160, C4<1>, C4<1>;
L_00000223fee71070 .functor OR 1, L_00000223fee71bd0, L_00000223fee715b0, C4<0>, C4<0>;
v00000223fee17710_0 .net *"_ivl_0", 0 0, L_00000223fee71b60;  1 drivers
v00000223fee172b0_0 .net *"_ivl_10", 0 0, L_00000223fee715b0;  1 drivers
v00000223fee17e90_0 .net *"_ivl_4", 0 0, L_00000223fee71230;  1 drivers
v00000223fee16b30_0 .net *"_ivl_6", 0 0, L_00000223fee71e70;  1 drivers
v00000223fee16bd0_0 .net *"_ivl_8", 0 0, L_00000223fee71bd0;  1 drivers
v00000223fee16c70_0 .net "a", 0 0, L_00000223fee65630;  alias, 1 drivers
v00000223fee17fd0_0 .net "b", 0 0, L_00000223fee651d0;  alias, 1 drivers
v00000223fee17ad0_0 .net "cin", 0 0, L_00000223fee65160;  alias, 1 drivers
v00000223fee178f0_0 .net "cout", 0 0, L_00000223fee71070;  alias, 1 drivers
v00000223fee16db0_0 .net "sum", 0 0, L_00000223fee71540;  alias, 1 drivers
S_00000223fed32ce0 .scope module, "FA14" "full_adder" 4 27, 5 1 0, S_00000223fed75e50;
 .timescale 0 0;
    .port_info 0 /INPUT 1 "a";
    .port_info 1 /INPUT 1 "b";
    .port_info 2 /INPUT 1 "cin";
    .port_info 3 /OUTPUT 1 "sum";
    .port_info 4 /OUTPUT 1 "cout";
L_00000223fee71850 .functor XOR 1, L_00000223fee65010, L_00000223fee657f0, C4<0>, C4<0>;
L_00000223fee71d90 .functor XOR 1, L_00000223fee71850, L_00000223fee65400, C4<0>, C4<0>;
L_00000223fee71620 .functor AND 1, L_00000223fee65010, L_00000223fee657f0, C4<1>, C4<1>;
L_00000223fee71310 .functor AND 1, L_00000223fee657f0, L_00000223fee65400, C4<1>, C4<1>;
L_00000223fee71460 .functor OR 1, L_00000223fee71620, L_00000223fee71310, C4<0>, C4<0>;
L_00000223fee71a10 .functor AND 1, L_00000223fee65010, L_00000223fee65400, C4<1>, C4<1>;
L_00000223fee71c40 .functor OR 1, L_00000223fee71460, L_00000223fee71a10, C4<0>, C4<0>;
v00000223fee16f90_0 .net *"_ivl_0", 0 0, L_00000223fee71850;  1 drivers
v00000223fee17350_0 .net *"_ivl_10", 0 0, L_00000223fee71a10;  1 drivers
v00000223fee17a30_0 .net *"_ivl_4", 0 0, L_00000223fee71620;  1 drivers
v00000223fee17030_0 .net *"_ivl_6", 0 0, L_00000223fee71310;  1 drivers
v00000223fee170d0_0 .net *"_ivl_8", 0 0, L_00000223fee71460;  1 drivers
v00000223fee173f0_0 .net "a", 0 0, L_00000223fee65010;  alias, 1 drivers
v00000223fee18250_0 .net "b", 0 0, L_00000223fee657f0;  alias, 1 drivers
v00000223fee17490_0 .net "cin", 0 0, L_00000223fee65400;  alias, 1 drivers
v00000223fee17990_0 .net "cout", 0 0, L_00000223fee71c40;  alias, 1 drivers
v00000223fee17530_0 .net "sum", 0 0, L_00000223fee71d90;  alias, 1 drivers
S_00000223fed32e70 .scope module, "FA15" "full_adder" 4 28, 5 1 0, S_00000223fed75e50;
 .timescale 0 0;
    .port_info 0 /INPUT 1 "a";
    .port_info 1 /INPUT 1 "b";
    .port_info 2 /INPUT 1 "cin";
    .port_info 3 /OUTPUT 1 "sum";
    .port_info 4 /OUTPUT 1 "cout";
L_00000223fee71af0 .functor XOR 1, L_00000223fee65080, L_00000223fee65470, C4<0>, C4<0>;
L_00000223fee71cb0 .functor XOR 1, L_00000223fee71af0, L_00000223fee650f0, C4<0>, C4<0>;
L_00000223fee71690 .functor AND 1, L_00000223fee65080, L_00000223fee65470, C4<1>, C4<1>;
L_00000223fee71700 .functor AND 1, L_00000223fee65470, L_00000223fee650f0, C4<1>, C4<1>;
L_00000223fee714d0 .functor OR 1, L_00000223fee71690, L_00000223fee71700, C4<0>, C4<0>;
L_00000223fee71a80 .functor AND 1, L_00000223fee65080, L_00000223fee650f0, C4<1>, C4<1>;
L_00000223fee71150 .functor OR 1, L_00000223fee714d0, L_00000223fee71a80, C4<0>, C4<0>;
v00000223fee182f0_0 .net *"_ivl_0", 0 0, L_00000223fee71af0;  1 drivers
v00000223fee18070_0 .net *"_ivl_10", 0 0, L_00000223fee71a80;  1 drivers
v00000223fee18110_0 .net *"_ivl_4", 0 0, L_00000223fee71690;  1 drivers
v00000223fee17c10_0 .net *"_ivl_6", 0 0, L_00000223fee71700;  1 drivers
v00000223fee175d0_0 .net *"_ivl_8", 0 0, L_00000223fee714d0;  1 drivers
v00000223fee18390_0 .net "a", 0 0, L_00000223fee65080;  alias, 1 drivers
v00000223fee18430_0 .net "b", 0 0, L_00000223fee65470;  alias, 1 drivers
v00000223fee184d0_0 .net "cin", 0 0, L_00000223fee650f0;  alias, 1 drivers
v00000223fee177b0_0 .net "cout", 0 0, L_00000223fee71150;  alias, 1 drivers
v00000223fee17850_0 .net "sum", 0 0, L_00000223fee71cb0;  alias, 1 drivers
S_00000223fed33000 .scope module, "FA16" "full_adder" 4 29, 5 1 0, S_00000223fed75e50;
 .timescale 0 0;
    .port_info 0 /INPUT 1 "a";
    .port_info 1 /INPUT 1 "b";
    .port_info 2 /INPUT 1 "cin";
    .port_info 3 /OUTPUT 1 "sum";
    .port_info 4 /OUTPUT 1 "cout";
L_00000223fee712a0 .functor XOR 1, L_00000223fee65cc0, L_00000223fee658d0, C4<0>, C4<0>;
L_00000223fee71e00 .functor XOR 1, L_00000223fee712a0, L_00000223fee659b0, C4<0>, C4<0>;
L_00000223fee71770 .functor AND 1, L_00000223fee65cc0, L_00000223fee658d0, C4<1>, C4<1>;
L_00000223fee717e0 .functor AND 1, L_00000223fee658d0, L_00000223fee659b0, C4<1>, C4<1>;
L_00000223fee71ee0 .functor OR 1, L_00000223fee71770, L_00000223fee717e0, C4<0>, C4<0>;
L_00000223fee71000 .functor AND 1, L_00000223fee65cc0, L_00000223fee659b0, C4<1>, C4<1>;
L_00000223fee710e0 .functor OR 1, L_00000223fee71ee0, L_00000223fee71000, C4<0>, C4<0>;
v00000223fee17cb0_0 .net *"_ivl_0", 0 0, L_00000223fee712a0;  1 drivers
v00000223fee17d50_0 .net *"_ivl_10", 0 0, L_00000223fee71000;  1 drivers
v00000223fee17df0_0 .net *"_ivl_4", 0 0, L_00000223fee71770;  1 drivers
v00000223fee17f30_0 .net *"_ivl_6", 0 0, L_00000223fee717e0;  1 drivers
v00000223fee18570_0 .net *"_ivl_8", 0 0, L_00000223fee71ee0;  1 drivers
v00000223fee19720_0 .net "a", 0 0, L_00000223fee65cc0;  alias, 1 drivers
v00000223fee19900_0 .net "b", 0 0, L_00000223fee658d0;  alias, 1 drivers
v00000223fee194a0_0 .net "cin", 0 0, L_00000223fee659b0;  alias, 1 drivers
v00000223fee1a300_0 .net "cout", 0 0, L_00000223fee710e0;  alias, 1 drivers
v00000223fee199a0_0 .net "sum", 0 0, L_00000223fee71e00;  alias, 1 drivers
S_00000223fee510a0 .scope module, "FA21" "full_adder" 4 34, 5 1 0, S_00000223fed75e50;
 .timescale 0 0;
    .port_info 0 /INPUT 1 "a";
    .port_info 1 /INPUT 1 "b";
    .port_info 2 /INPUT 1 "cin";
    .port_info 3 /OUTPUT 1 "sum";
    .port_info 4 /OUTPUT 1 "cout";
L_00000223fee711c0 .functor XOR 1, L_00000223fee6f190, L_00000223fee65240, C4<0>, C4<0>;
L_00000223fee726a0 .functor XOR 1, L_00000223fee711c0, L_00000223fee6f200, C4<0>, C4<0>;
L_00000223fee72b00 .functor AND 1, L_00000223fee6f190, L_00000223fee65240, C4<1>, C4<1>;
L_00000223fee72ef0 .functor AND 1, L_00000223fee65240, L_00000223fee6f200, C4<1>, C4<1>;
L_00000223fee72320 .functor OR 1, L_00000223fee72b00, L_00000223fee72ef0, C4<0>, C4<0>;
L_00000223fee72be0 .functor AND 1, L_00000223fee6f190, L_00000223fee6f200, C4<1>, C4<1>;
L_00000223fee72d30 .functor OR 1, L_00000223fee72320, L_00000223fee72be0, C4<0>, C4<0>;
v00000223fee18dc0_0 .net *"_ivl_0", 0 0, L_00000223fee711c0;  1 drivers
v00000223fee1a260_0 .net *"_ivl_10", 0 0, L_00000223fee72be0;  1 drivers
v00000223fee188c0_0 .net *"_ivl_4", 0 0, L_00000223fee72b00;  1 drivers
v00000223fee18f00_0 .net *"_ivl_6", 0 0, L_00000223fee72ef0;  1 drivers
v00000223fee19860_0 .net *"_ivl_8", 0 0, L_00000223fee72320;  1 drivers
v00000223fee19a40_0 .net "a", 0 0, L_00000223fee6f190;  alias, 1 drivers
v00000223fee1a1c0_0 .net "b", 0 0, L_00000223fee65240;  alias, 1 drivers
v00000223fee1a440_0 .net "cin", 0 0, L_00000223fee6f200;  alias, 1 drivers
v00000223fee18960_0 .net "cout", 0 0, L_00000223fee72d30;  alias, 1 drivers
v00000223fee19180_0 .net "sum", 0 0, L_00000223fee726a0;  alias, 1 drivers
S_00000223fee51230 .scope module, "FA22" "full_adder" 4 35, 5 1 0, S_00000223fed75e50;
 .timescale 0 0;
    .port_info 0 /INPUT 1 "a";
    .port_info 1 /INPUT 1 "b";
    .port_info 2 /INPUT 1 "cin";
    .port_info 3 /OUTPUT 1 "sum";
    .port_info 4 /OUTPUT 1 "cout";
L_00000223fee72da0 .functor XOR 1, L_00000223fee719a0, L_00000223fee65550, C4<0>, C4<0>;
L_00000223fee72160 .functor XOR 1, L_00000223fee72da0, L_00000223fee71d20, C4<0>, C4<0>;
L_00000223fee72c50 .functor AND 1, L_00000223fee719a0, L_00000223fee65550, C4<1>, C4<1>;
L_00000223fee727f0 .functor AND 1, L_00000223fee65550, L_00000223fee71d20, C4<1>, C4<1>;
L_00000223fee72550 .functor OR 1, L_00000223fee72c50, L_00000223fee727f0, C4<0>, C4<0>;
L_00000223fee721d0 .functor AND 1, L_00000223fee719a0, L_00000223fee71d20, C4<1>, C4<1>;
L_00000223fee72010 .functor OR 1, L_00000223fee72550, L_00000223fee721d0, C4<0>, C4<0>;
v00000223fee19540_0 .net *"_ivl_0", 0 0, L_00000223fee72da0;  1 drivers
v00000223fee195e0_0 .net *"_ivl_10", 0 0, L_00000223fee721d0;  1 drivers
v00000223fee19fe0_0 .net *"_ivl_4", 0 0, L_00000223fee72c50;  1 drivers
v00000223fee18e60_0 .net *"_ivl_6", 0 0, L_00000223fee727f0;  1 drivers
v00000223fee190e0_0 .net *"_ivl_8", 0 0, L_00000223fee72550;  1 drivers
v00000223fee18be0_0 .net "a", 0 0, L_00000223fee719a0;  alias, 1 drivers
v00000223fee18aa0_0 .net "b", 0 0, L_00000223fee65550;  alias, 1 drivers
v00000223fee1a3a0_0 .net "cin", 0 0, L_00000223fee71d20;  alias, 1 drivers
v00000223fee19360_0 .net "cout", 0 0, L_00000223fee72010;  alias, 1 drivers
v00000223fee197c0_0 .net "sum", 0 0, L_00000223fee72160;  alias, 1 drivers
S_00000223fee513c0 .scope module, "FA23" "full_adder" 4 36, 5 1 0, S_00000223fed75e50;
 .timescale 0 0;
    .port_info 0 /INPUT 1 "a";
    .port_info 1 /INPUT 1 "b";
    .port_info 2 /INPUT 1 "cin";
    .port_info 3 /OUTPUT 1 "sum";
    .port_info 4 /OUTPUT 1 "cout";
L_00000223fee725c0 .functor XOR 1, L_00000223fee71540, L_00000223fee64ec0, C4<0>, C4<0>;
L_00000223fee72710 .functor XOR 1, L_00000223fee725c0, L_00000223fee71070, C4<0>, C4<0>;
L_00000223fee72e10 .functor AND 1, L_00000223fee71540, L_00000223fee64ec0, C4<1>, C4<1>;
L_00000223fee72b70 .functor AND 1, L_00000223fee64ec0, L_00000223fee71070, C4<1>, C4<1>;
L_00000223fee72cc0 .functor OR 1, L_00000223fee72e10, L_00000223fee72b70, C4<0>, C4<0>;
L_00000223fee724e0 .functor AND 1, L_00000223fee71540, L_00000223fee71070, C4<1>, C4<1>;
L_00000223fee72e80 .functor OR 1, L_00000223fee72cc0, L_00000223fee724e0, C4<0>, C4<0>;
v00000223fee19ae0_0 .net *"_ivl_0", 0 0, L_00000223fee725c0;  1 drivers
v00000223fee18c80_0 .net *"_ivl_10", 0 0, L_00000223fee724e0;  1 drivers
v00000223fee18d20_0 .net *"_ivl_4", 0 0, L_00000223fee72e10;  1 drivers
v00000223fee192c0_0 .net *"_ivl_6", 0 0, L_00000223fee72b70;  1 drivers
v00000223fee19b80_0 .net *"_ivl_8", 0 0, L_00000223fee72cc0;  1 drivers
v00000223fee18fa0_0 .net "a", 0 0, L_00000223fee71540;  alias, 1 drivers
v00000223fee1a4e0_0 .net "b", 0 0, L_00000223fee64ec0;  alias, 1 drivers
v00000223fee19c20_0 .net "cin", 0 0, L_00000223fee71070;  alias, 1 drivers
v00000223fee18b40_0 .net "cout", 0 0, L_00000223fee72e80;  alias, 1 drivers
v00000223fee18a00_0 .net "sum", 0 0, L_00000223fee72710;  alias, 1 drivers
S_00000223fee51550 .scope module, "FA24" "full_adder" 4 37, 5 1 0, S_00000223fed75e50;
 .timescale 0 0;
    .port_info 0 /INPUT 1 "a";
    .port_info 1 /INPUT 1 "b";
    .port_info 2 /INPUT 1 "cin";
    .port_info 3 /OUTPUT 1 "sum";
    .port_info 4 /OUTPUT 1 "cout";
L_00000223fee72780 .functor XOR 1, L_00000223fee71d90, L_00000223fee652b0, C4<0>, C4<0>;
L_00000223fee72a20 .functor XOR 1, L_00000223fee72780, L_00000223fee71c40, C4<0>, C4<0>;
L_00000223fee72630 .functor AND 1, L_00000223fee71d90, L_00000223fee652b0, C4<1>, C4<1>;
L_00000223fee72940 .functor AND 1, L_00000223fee652b0, L_00000223fee71c40, C4<1>, C4<1>;
L_00000223fee728d0 .functor OR 1, L_00000223fee72630, L_00000223fee72940, C4<0>, C4<0>;
L_00000223fee72080 .functor AND 1, L_00000223fee71d90, L_00000223fee71c40, C4<1>, C4<1>;
L_00000223fee720f0 .functor OR 1, L_00000223fee728d0, L_00000223fee72080, C4<0>, C4<0>;
v00000223fee19040_0 .net *"_ivl_0", 0 0, L_00000223fee72780;  1 drivers
v00000223fee19220_0 .net *"_ivl_10", 0 0, L_00000223fee72080;  1 drivers
v00000223fee1a580_0 .net *"_ivl_4", 0 0, L_00000223fee72630;  1 drivers
v00000223fee19400_0 .net *"_ivl_6", 0 0, L_00000223fee72940;  1 drivers
v00000223fee19680_0 .net *"_ivl_8", 0 0, L_00000223fee728d0;  1 drivers
v00000223fee19cc0_0 .net "a", 0 0, L_00000223fee71d90;  alias, 1 drivers
v00000223fee19d60_0 .net "b", 0 0, L_00000223fee652b0;  alias, 1 drivers
v00000223fee18820_0 .net "cin", 0 0, L_00000223fee71c40;  alias, 1 drivers
v00000223fee19e00_0 .net "cout", 0 0, L_00000223fee720f0;  alias, 1 drivers
v00000223fee19ea0_0 .net "sum", 0 0, L_00000223fee72a20;  alias, 1 drivers
S_00000223fee516e0 .scope module, "FA31" "full_adder" 4 42, 5 1 0, S_00000223fed75e50;
 .timescale 0 0;
    .port_info 0 /INPUT 1 "a";
    .port_info 1 /INPUT 1 "b";
    .port_info 2 /INPUT 1 "cin";
    .port_info 3 /OUTPUT 1 "sum";
    .port_info 4 /OUTPUT 1 "cout";
L_00000223fee722b0 .functor XOR 1, L_00000223fee726a0, L_00000223fee65780, C4<0>, C4<0>;
L_00000223fee72860 .functor XOR 1, L_00000223fee722b0, L_00000223fee72d30, C4<0>, C4<0>;
L_00000223fee729b0 .functor AND 1, L_00000223fee726a0, L_00000223fee65780, C4<1>, C4<1>;
L_00000223fee72240 .functor AND 1, L_00000223fee65780, L_00000223fee72d30, C4<1>, C4<1>;
L_00000223fee72390 .functor OR 1, L_00000223fee729b0, L_00000223fee72240, C4<0>, C4<0>;
L_00000223fee72470 .functor AND 1, L_00000223fee726a0, L_00000223fee72d30, C4<1>, C4<1>;
L_00000223fee72a90 .functor OR 1, L_00000223fee72390, L_00000223fee72470, C4<0>, C4<0>;
v00000223fee19f40_0 .net *"_ivl_0", 0 0, L_00000223fee722b0;  1 drivers
v00000223fee1a080_0 .net *"_ivl_10", 0 0, L_00000223fee72470;  1 drivers
v00000223fee1a120_0 .net *"_ivl_4", 0 0, L_00000223fee729b0;  1 drivers
v00000223fee186e0_0 .net *"_ivl_6", 0 0, L_00000223fee72240;  1 drivers
v00000223fee18780_0 .net *"_ivl_8", 0 0, L_00000223fee72390;  1 drivers
v00000223fee1dba0_0 .net "a", 0 0, L_00000223fee726a0;  alias, 1 drivers
v00000223fee1e320_0 .net "b", 0 0, L_00000223fee65780;  alias, 1 drivers
v00000223fee1d920_0 .net "cin", 0 0, L_00000223fee72d30;  alias, 1 drivers
v00000223fee1d420_0 .net "cout", 0 0, L_00000223fee72a90;  alias, 1 drivers
v00000223fee1c980_0 .net "sum", 0 0, L_00000223fee72860;  alias, 1 drivers
S_00000223fee51870 .scope module, "FA32" "full_adder" 4 43, 5 1 0, S_00000223fed75e50;
 .timescale 0 0;
    .port_info 0 /INPUT 1 "a";
    .port_info 1 /INPUT 1 "b";
    .port_info 2 /INPUT 1 "cin";
    .port_info 3 /OUTPUT 1 "sum";
    .port_info 4 /OUTPUT 1 "cout";
L_00000223fee72400 .functor XOR 1, L_00000223fee72160, L_00000223fee65b70, C4<0>, C4<0>;
L_00000223fee74d70 .functor XOR 1, L_00000223fee72400, L_00000223fee72010, C4<0>, C4<0>;
L_00000223fee74ec0 .functor AND 1, L_00000223fee72160, L_00000223fee65b70, C4<1>, C4<1>;
L_00000223fee74de0 .functor AND 1, L_00000223fee65b70, L_00000223fee72010, C4<1>, C4<1>;
L_00000223fee74f30 .functor OR 1, L_00000223fee74ec0, L_00000223fee74de0, C4<0>, C4<0>;
L_00000223fee74d00 .functor AND 1, L_00000223fee72160, L_00000223fee72010, C4<1>, C4<1>;
L_00000223fee74e50 .functor OR 1, L_00000223fee74f30, L_00000223fee74d00, C4<0>, C4<0>;
v00000223fee1c8e0_0 .net *"_ivl_0", 0 0, L_00000223fee72400;  1 drivers
v00000223fee1d060_0 .net *"_ivl_10", 0 0, L_00000223fee74d00;  1 drivers
v00000223fee1cd40_0 .net *"_ivl_4", 0 0, L_00000223fee74ec0;  1 drivers
v00000223fee1d7e0_0 .net *"_ivl_6", 0 0, L_00000223fee74de0;  1 drivers
v00000223fee1dce0_0 .net *"_ivl_8", 0 0, L_00000223fee74f30;  1 drivers
v00000223fee1db00_0 .net "a", 0 0, L_00000223fee72160;  alias, 1 drivers
v00000223fee1d740_0 .net "b", 0 0, L_00000223fee65b70;  alias, 1 drivers
v00000223fee1ca20_0 .net "cin", 0 0, L_00000223fee72010;  alias, 1 drivers
v00000223fee1d240_0 .net "cout", 0 0, L_00000223fee74e50;  alias, 1 drivers
v00000223fee1d1a0_0 .net "sum", 0 0, L_00000223fee74d70;  alias, 1 drivers
S_00000223fee51a00 .scope generate, "genblk1[0]" "genblk1[0]" 4 15, 4 15 0, S_00000223fed75e50;
 .timescale 0 0;
P_00000223fede3080 .param/l "i" 0 4 15, +C4<00>;
S_00000223fee51b90 .scope generate, "genblk1[0]" "genblk1[0]" 4 16, 4 16 0, S_00000223fee51a00;
 .timescale 0 0;
P_00000223fede2b80 .param/l "j" 0 4 16, +C4<00>;
L_00000223fede8400 .functor AND 1, L_00000223fee61560, L_00000223fee62960, C4<1>, C4<1>;
v00000223fee1d880_0 .net *"_ivl_1", 0 0, L_00000223fee61560;  1 drivers
v00000223fee1cac0_0 .net *"_ivl_2", 0 0, L_00000223fee62960;  1 drivers
S_00000223fee52220 .scope generate, "genblk1[1]" "genblk1[1]" 4 16, 4 16 0, S_00000223fee51a00;
 .timescale 0 0;
P_00000223fede38c0 .param/l "j" 0 4 16, +C4<01>;
L_00000223fede8470 .functor AND 1, L_00000223fee61b00, L_00000223fee63040, C4<1>, C4<1>;
v00000223fee1d9c0_0 .net *"_ivl_1", 0 0, L_00000223fee61b00;  1 drivers
v00000223fee1e3c0_0 .net *"_ivl_2", 0 0, L_00000223fee63040;  1 drivers
S_00000223fee52b80 .scope generate, "genblk1[2]" "genblk1[2]" 4 16, 4 16 0, S_00000223fee51a00;
 .timescale 0 0;
P_00000223fede3900 .param/l "j" 0 4 16, +C4<010>;
L_00000223fee65320 .functor AND 1, L_00000223fee626e0, L_00000223fee61880, C4<1>, C4<1>;
v00000223fee1d6a0_0 .net *"_ivl_1", 0 0, L_00000223fee626e0;  1 drivers
v00000223fee1dc40_0 .net *"_ivl_2", 0 0, L_00000223fee61880;  1 drivers
S_00000223fee526d0 .scope generate, "genblk1[3]" "genblk1[3]" 4 16, 4 16 0, S_00000223fee51a00;
 .timescale 0 0;
P_00000223fede2c80 .param/l "j" 0 4 16, +C4<011>;
L_00000223fee65c50 .functor AND 1, L_00000223fee62a00, L_00000223fee62780, C4<1>, C4<1>;
v00000223fee1d2e0_0 .net *"_ivl_1", 0 0, L_00000223fee62a00;  1 drivers
v00000223fee1cb60_0 .net *"_ivl_2", 0 0, L_00000223fee62780;  1 drivers
S_00000223fee529f0 .scope generate, "genblk1[4]" "genblk1[4]" 4 16, 4 16 0, S_00000223fee51a00;
 .timescale 0 0;
P_00000223fede3d00 .param/l "j" 0 4 16, +C4<0100>;
L_00000223fee65630 .functor AND 1, L_00000223fee61ba0, L_00000223fee62be0, C4<1>, C4<1>;
v00000223fee1d380_0 .net *"_ivl_1", 0 0, L_00000223fee61ba0;  1 drivers
v00000223fee1d100_0 .net *"_ivl_2", 0 0, L_00000223fee62be0;  1 drivers
S_00000223fee52540 .scope generate, "genblk1[5]" "genblk1[5]" 4 16, 4 16 0, S_00000223fee51a00;
 .timescale 0 0;
P_00000223fede40c0 .param/l "j" 0 4 16, +C4<0101>;
L_00000223fee65010 .functor AND 1, L_00000223fee61c40, L_00000223fee61ce0, C4<1>, C4<1>;
v00000223fee1d600_0 .net *"_ivl_1", 0 0, L_00000223fee61c40;  1 drivers
v00000223fee1e000_0 .net *"_ivl_2", 0 0, L_00000223fee61ce0;  1 drivers
S_00000223fee52090 .scope generate, "genblk1[6]" "genblk1[6]" 4 16, 4 16 0, S_00000223fee51a00;
 .timescale 0 0;
P_00000223fede3ec0 .param/l "j" 0 4 16, +C4<0110>;
L_00000223fee65080 .functor AND 1, L_00000223fee62c80, L_00000223fee61d80, C4<1>, C4<1>;
v00000223fee1cc00_0 .net *"_ivl_1", 0 0, L_00000223fee62c80;  1 drivers
v00000223fee1e460_0 .net *"_ivl_2", 0 0, L_00000223fee61d80;  1 drivers
S_00000223fee51d70 .scope generate, "genblk1[7]" "genblk1[7]" 4 16, 4 16 0, S_00000223fee51a00;
 .timescale 0 0;
P_00000223fede4900 .param/l "j" 0 4 16, +C4<0111>;
L_00000223fee65cc0 .functor AND 1, L_00000223fee61ec0, L_00000223fee61f60, C4<1>, C4<1>;
v00000223fee1cca0_0 .net *"_ivl_1", 0 0, L_00000223fee61ec0;  1 drivers
v00000223fee1d4c0_0 .net *"_ivl_2", 0 0, L_00000223fee61f60;  1 drivers
S_00000223fee523b0 .scope generate, "genblk1[1]" "genblk1[1]" 4 15, 4 15 0, S_00000223fed75e50;
 .timescale 0 0;
P_00000223fede4000 .param/l "i" 0 4 15, +C4<01>;
S_00000223fee52860 .scope generate, "genblk1[0]" "genblk1[0]" 4 16, 4 16 0, S_00000223fee523b0;
 .timescale 0 0;
P_00000223fede4500 .param/l "j" 0 4 16, +C4<00>;
L_00000223fee656a0 .functor AND 1, L_00000223fee62d20, L_00000223fee62dc0, C4<1>, C4<1>;
v00000223fee1dd80_0 .net *"_ivl_1", 0 0, L_00000223fee62d20;  1 drivers
v00000223fee1da60_0 .net *"_ivl_2", 0 0, L_00000223fee62dc0;  1 drivers
S_00000223fee51f00 .scope generate, "genblk1[1]" "genblk1[1]" 4 16, 4 16 0, S_00000223fee523b0;
 .timescale 0 0;
P_00000223fede3cc0 .param/l "j" 0 4 16, +C4<01>;
L_00000223fee65860 .functor AND 1, L_00000223fee63180, L_00000223fee630e0, C4<1>, C4<1>;
v00000223fee1c840_0 .net *"_ivl_1", 0 0, L_00000223fee63180;  1 drivers
v00000223fee1cde0_0 .net *"_ivl_2", 0 0, L_00000223fee630e0;  1 drivers
S_00000223fee53a00 .scope generate, "genblk1[2]" "genblk1[2]" 4 16, 4 16 0, S_00000223fee523b0;
 .timescale 0 0;
P_00000223fede3d40 .param/l "j" 0 4 16, +C4<010>;
L_00000223fee64e50 .functor AND 1, L_00000223fee63220, L_00000223fee63860, C4<1>, C4<1>;
v00000223fee1d560_0 .net *"_ivl_1", 0 0, L_00000223fee63220;  1 drivers
v00000223fee1ce80_0 .net *"_ivl_2", 0 0, L_00000223fee63860;  1 drivers
S_00000223fee53d20 .scope generate, "genblk1[3]" "genblk1[3]" 4 16, 4 16 0, S_00000223fee523b0;
 .timescale 0 0;
P_00000223fede3f80 .param/l "j" 0 4 16, +C4<011>;
L_00000223fee651d0 .functor AND 1, L_00000223fee644e0, L_00000223fee64620, C4<1>, C4<1>;
v00000223fee1de20_0 .net *"_ivl_1", 0 0, L_00000223fee644e0;  1 drivers
v00000223fee1dec0_0 .net *"_ivl_2", 0 0, L_00000223fee64620;  1 drivers
S_00000223fee530a0 .scope generate, "genblk1[4]" "genblk1[4]" 4 16, 4 16 0, S_00000223fee523b0;
 .timescale 0 0;
P_00000223fede4740 .param/l "j" 0 4 16, +C4<0100>;
L_00000223fee657f0 .functor AND 1, L_00000223fee63cc0, L_00000223fee64760, C4<1>, C4<1>;
v00000223fee1e280_0 .net *"_ivl_1", 0 0, L_00000223fee63cc0;  1 drivers
v00000223fee1df60_0 .net *"_ivl_2", 0 0, L_00000223fee64760;  1 drivers
S_00000223fee54810 .scope generate, "genblk1[5]" "genblk1[5]" 4 16, 4 16 0, S_00000223fee523b0;
 .timescale 0 0;
P_00000223fede4580 .param/l "j" 0 4 16, +C4<0101>;
L_00000223fee65470 .functor AND 1, L_00000223fee63a40, L_00000223fee64800, C4<1>, C4<1>;
v00000223fee1e0a0_0 .net *"_ivl_1", 0 0, L_00000223fee63a40;  1 drivers
v00000223fee1e140_0 .net *"_ivl_2", 0 0, L_00000223fee64800;  1 drivers
S_00000223fee53b90 .scope generate, "genblk1[6]" "genblk1[6]" 4 16, 4 16 0, S_00000223fee523b0;
 .timescale 0 0;
P_00000223fede3d80 .param/l "j" 0 4 16, +C4<0110>;
L_00000223fee658d0 .functor AND 1, L_00000223fee64120, L_00000223fee63e00, C4<1>, C4<1>;
v00000223fee1cf20_0 .net *"_ivl_1", 0 0, L_00000223fee64120;  1 drivers
v00000223fee1cfc0_0 .net *"_ivl_2", 0 0, L_00000223fee63e00;  1 drivers
S_00000223fee549a0 .scope generate, "genblk1[7]" "genblk1[7]" 4 16, 4 16 0, S_00000223fee523b0;
 .timescale 0 0;
P_00000223fede4440 .param/l "j" 0 4 16, +C4<0111>;
L_00000223fee65390 .functor AND 1, L_00000223fee63d60, L_00000223fee63ea0, C4<1>, C4<1>;
v00000223fee1e1e0_0 .net *"_ivl_1", 0 0, L_00000223fee63d60;  1 drivers
v00000223fee1c7a0_0 .net *"_ivl_2", 0 0, L_00000223fee63ea0;  1 drivers
S_00000223fee54b30 .scope generate, "genblk1[2]" "genblk1[2]" 4 15, 4 15 0, S_00000223fed75e50;
 .timescale 0 0;
P_00000223fede3bc0 .param/l "i" 0 4 15, +C4<010>;
S_00000223fee52d80 .scope generate, "genblk1[0]" "genblk1[0]" 4 16, 4 16 0, S_00000223fee54b30;
 .timescale 0 0;
P_00000223fede3dc0 .param/l "j" 0 4 16, +C4<00>;
L_00000223fee65940 .functor AND 1, L_00000223fee64580, L_00000223fee64440, C4<1>, C4<1>;
v00000223fee1e500_0 .net *"_ivl_1", 0 0, L_00000223fee64580;  1 drivers
v00000223fee1e5a0_0 .net *"_ivl_2", 0 0, L_00000223fee64440;  1 drivers
S_00000223fee53eb0 .scope generate, "genblk1[1]" "genblk1[1]" 4 16, 4 16 0, S_00000223fee54b30;
 .timescale 0 0;
P_00000223fede4480 .param/l "j" 0 4 16, +C4<01>;
L_00000223fee64f30 .functor AND 1, L_00000223fee649e0, L_00000223fee63f40, C4<1>, C4<1>;
v00000223fee1c700_0 .net *"_ivl_1", 0 0, L_00000223fee649e0;  1 drivers
v00000223fee5af70_0 .net *"_ivl_2", 0 0, L_00000223fee63f40;  1 drivers
S_00000223fee54680 .scope generate, "genblk1[2]" "genblk1[2]" 4 16, 4 16 0, S_00000223fee54b30;
 .timescale 0 0;
P_00000223fede44c0 .param/l "j" 0 4 16, +C4<010>;
L_00000223fee65160 .functor AND 1, L_00000223fee64c60, L_00000223fee63ae0, C4<1>, C4<1>;
v00000223fee597b0_0 .net *"_ivl_1", 0 0, L_00000223fee64c60;  1 drivers
v00000223fee5a890_0 .net *"_ivl_2", 0 0, L_00000223fee63ae0;  1 drivers
S_00000223fee52f10 .scope generate, "genblk1[3]" "genblk1[3]" 4 16, 4 16 0, S_00000223fee54b30;
 .timescale 0 0;
P_00000223fede45c0 .param/l "j" 0 4 16, +C4<011>;
L_00000223fee65400 .functor AND 1, L_00000223fee63900, L_00000223fee63720, C4<1>, C4<1>;
v00000223fee590d0_0 .net *"_ivl_1", 0 0, L_00000223fee63900;  1 drivers
v00000223fee5abb0_0 .net *"_ivl_2", 0 0, L_00000223fee63720;  1 drivers
S_00000223fee54040 .scope generate, "genblk1[4]" "genblk1[4]" 4 16, 4 16 0, S_00000223fee54b30;
 .timescale 0 0;
P_00000223fede4140 .param/l "j" 0 4 16, +C4<0100>;
L_00000223fee650f0 .functor AND 1, L_00000223fee63b80, L_00000223fee643a0, C4<1>, C4<1>;
v00000223fee5aa70_0 .net *"_ivl_1", 0 0, L_00000223fee63b80;  1 drivers
v00000223fee59850_0 .net *"_ivl_2", 0 0, L_00000223fee643a0;  1 drivers
S_00000223fee53230 .scope generate, "genblk1[5]" "genblk1[5]" 4 16, 4 16 0, S_00000223fee54b30;
 .timescale 0 0;
P_00000223fede4940 .param/l "j" 0 4 16, +C4<0101>;
L_00000223fee659b0 .functor AND 1, L_00000223fee63c20, L_00000223fee64a80, C4<1>, C4<1>;
v00000223fee59170_0 .net *"_ivl_1", 0 0, L_00000223fee63c20;  1 drivers
v00000223fee5a070_0 .net *"_ivl_2", 0 0, L_00000223fee64a80;  1 drivers
S_00000223fee53550 .scope generate, "genblk1[6]" "genblk1[6]" 4 16, 4 16 0, S_00000223fee54b30;
 .timescale 0 0;
P_00000223fede3e00 .param/l "j" 0 4 16, +C4<0110>;
L_00000223fee654e0 .functor AND 1, L_00000223fee648a0, L_00000223fee646c0, C4<1>, C4<1>;
v00000223fee59cb0_0 .net *"_ivl_1", 0 0, L_00000223fee648a0;  1 drivers
v00000223fee5ae30_0 .net *"_ivl_2", 0 0, L_00000223fee646c0;  1 drivers
S_00000223fee54360 .scope generate, "genblk1[7]" "genblk1[7]" 4 16, 4 16 0, S_00000223fee54b30;
 .timescale 0 0;
P_00000223fede3e40 .param/l "j" 0 4 16, +C4<0111>;
L_00000223fee65b00 .functor AND 1, L_00000223fee639a0, L_00000223fee64300, C4<1>, C4<1>;
v00000223fee58db0_0 .net *"_ivl_1", 0 0, L_00000223fee639a0;  1 drivers
v00000223fee58e50_0 .net *"_ivl_2", 0 0, L_00000223fee64300;  1 drivers
S_00000223fee533c0 .scope generate, "genblk1[3]" "genblk1[3]" 4 15, 4 15 0, S_00000223fed75e50;
 .timescale 0 0;
P_00000223fede3e80 .param/l "i" 0 4 15, +C4<011>;
S_00000223fee541d0 .scope generate, "genblk1[0]" "genblk1[0]" 4 16, 4 16 0, S_00000223fee533c0;
 .timescale 0 0;
P_00000223fede4540 .param/l "j" 0 4 16, +C4<00>;
L_00000223fee65240 .functor AND 1, L_00000223fee64940, L_00000223fee63fe0, C4<1>, C4<1>;
v00000223fee5ac50_0 .net *"_ivl_1", 0 0, L_00000223fee64940;  1 drivers
v00000223fee59670_0 .net *"_ivl_2", 0 0, L_00000223fee63fe0;  1 drivers
S_00000223fee536e0 .scope generate, "genblk1[1]" "genblk1[1]" 4 16, 4 16 0, S_00000223fee533c0;
 .timescale 0 0;
P_00000223fede39c0 .param/l "j" 0 4 16, +C4<01>;
L_00000223fee65550 .functor AND 1, L_00000223fee64260, L_00000223fee64b20, C4<1>, C4<1>;
v00000223fee592b0_0 .net *"_ivl_1", 0 0, L_00000223fee64260;  1 drivers
v00000223fee59fd0_0 .net *"_ivl_2", 0 0, L_00000223fee64b20;  1 drivers
S_00000223fee53870 .scope generate, "genblk1[2]" "genblk1[2]" 4 16, 4 16 0, S_00000223fee533c0;
 .timescale 0 0;
P_00000223fede4640 .param/l "j" 0 4 16, +C4<010>;
L_00000223fee64ec0 .functor AND 1, L_00000223fee64bc0, L_00000223fee635e0, C4<1>, C4<1>;
v00000223fee5b470_0 .net *"_ivl_1", 0 0, L_00000223fee64bc0;  1 drivers
v00000223fee5a6b0_0 .net *"_ivl_2", 0 0, L_00000223fee635e0;  1 drivers
S_00000223fee544f0 .scope generate, "genblk1[3]" "genblk1[3]" 4 16, 4 16 0, S_00000223fee533c0;
 .timescale 0 0;
P_00000223fede4800 .param/l "j" 0 4 16, +C4<011>;
L_00000223fee652b0 .functor AND 1, L_00000223fee63680, L_00000223fee637c0, C4<1>, C4<1>;
v00000223fee58ef0_0 .net *"_ivl_1", 0 0, L_00000223fee63680;  1 drivers
v00000223fee5a110_0 .net *"_ivl_2", 0 0, L_00000223fee637c0;  1 drivers
S_00000223fee5d580 .scope generate, "genblk1[4]" "genblk1[4]" 4 16, 4 16 0, S_00000223fee533c0;
 .timescale 0 0;
P_00000223fede4680 .param/l "j" 0 4 16, +C4<0100>;
L_00000223fee65a20 .functor AND 1, L_00000223fee64080, L_00000223fee641c0, C4<1>, C4<1>;
v00000223fee593f0_0 .net *"_ivl_1", 0 0, L_00000223fee64080;  1 drivers
v00000223fee595d0_0 .net *"_ivl_2", 0 0, L_00000223fee641c0;  1 drivers
S_00000223fee5d8a0 .scope generate, "genblk1[5]" "genblk1[5]" 4 16, 4 16 0, S_00000223fee533c0;
 .timescale 0 0;
P_00000223fede4240 .param/l "j" 0 4 16, +C4<0101>;
L_00000223fee655c0 .functor AND 1, L_00000223fee6b740, L_00000223fee6c3c0, C4<1>, C4<1>;
v00000223fee59710_0 .net *"_ivl_1", 0 0, L_00000223fee6b740;  1 drivers
v00000223fee5a4d0_0 .net *"_ivl_2", 0 0, L_00000223fee6c3c0;  1 drivers
S_00000223fee5cf40 .scope generate, "genblk1[6]" "genblk1[6]" 4 16, 4 16 0, S_00000223fee533c0;
 .timescale 0 0;
P_00000223fede3f00 .param/l "j" 0 4 16, +C4<0110>;
L_00000223fee65a90 .functor AND 1, L_00000223fee6b920, L_00000223fee6b7e0, C4<1>, C4<1>;
v00000223fee5a570_0 .net *"_ivl_1", 0 0, L_00000223fee6b920;  1 drivers
v00000223fee59990_0 .net *"_ivl_2", 0 0, L_00000223fee6b7e0;  1 drivers
S_00000223fee5d3f0 .scope generate, "genblk1[7]" "genblk1[7]" 4 16, 4 16 0, S_00000223fee533c0;
 .timescale 0 0;
P_00000223fede3980 .param/l "j" 0 4 16, +C4<0111>;
L_00000223fee65710 .functor AND 1, L_00000223fee6ae80, L_00000223fee6caa0, C4<1>, C4<1>;
v00000223fee5b1f0_0 .net *"_ivl_1", 0 0, L_00000223fee6ae80;  1 drivers
v00000223fee598f0_0 .net *"_ivl_2", 0 0, L_00000223fee6caa0;  1 drivers
S_00000223fee5e520 .scope generate, "genblk1[4]" "genblk1[4]" 4 15, 4 15 0, S_00000223fed75e50;
 .timescale 0 0;
P_00000223fede3b00 .param/l "i" 0 4 15, +C4<0100>;
S_00000223fee5eb60 .scope generate, "genblk1[0]" "genblk1[0]" 4 16, 4 16 0, S_00000223fee5e520;
 .timescale 0 0;
P_00000223fede3f40 .param/l "j" 0 4 16, +C4<00>;
L_00000223fee65780 .functor AND 1, L_00000223fee6bce0, L_00000223fee6bf60, C4<1>, C4<1>;
v00000223fee5b290_0 .net *"_ivl_1", 0 0, L_00000223fee6bce0;  1 drivers
v00000223fee59490_0 .net *"_ivl_2", 0 0, L_00000223fee6bf60;  1 drivers
S_00000223fee5d0d0 .scope generate, "genblk1[1]" "genblk1[1]" 4 16, 4 16 0, S_00000223fee5e520;
 .timescale 0 0;
P_00000223fede46c0 .param/l "j" 0 4 16, +C4<01>;
L_00000223fee65b70 .functor AND 1, L_00000223fee6ad40, L_00000223fee6aa20, C4<1>, C4<1>;
v00000223fee59a30_0 .net *"_ivl_1", 0 0, L_00000223fee6ad40;  1 drivers
v00000223fee59ad0_0 .net *"_ivl_2", 0 0, L_00000223fee6aa20;  1 drivers
S_00000223fee5da30 .scope generate, "genblk1[2]" "genblk1[2]" 4 16, 4 16 0, S_00000223fee5e520;
 .timescale 0 0;
P_00000223fede3fc0 .param/l "j" 0 4 16, +C4<010>;
L_00000223fee65be0 .functor AND 1, L_00000223fee6ca00, L_00000223fee6bb00, C4<1>, C4<1>;
v00000223fee59d50_0 .net *"_ivl_1", 0 0, L_00000223fee6ca00;  1 drivers
v00000223fee59210_0 .net *"_ivl_2", 0 0, L_00000223fee6bb00;  1 drivers
S_00000223fee5dd50 .scope generate, "genblk1[3]" "genblk1[3]" 4 16, 4 16 0, S_00000223fee5e520;
 .timescale 0 0;
P_00000223fede4040 .param/l "j" 0 4 16, +C4<011>;
L_00000223fee64de0 .functor AND 1, L_00000223fee6b880, L_00000223fee6a980, C4<1>, C4<1>;
v00000223fee59b70_0 .net *"_ivl_1", 0 0, L_00000223fee6b880;  1 drivers
v00000223fee59df0_0 .net *"_ivl_2", 0 0, L_00000223fee6a980;  1 drivers
S_00000223fee5d260 .scope generate, "genblk1[4]" "genblk1[4]" 4 16, 4 16 0, S_00000223fee5e520;
 .timescale 0 0;
P_00000223fede4780 .param/l "j" 0 4 16, +C4<0100>;
L_00000223fee64fa0 .functor AND 1, L_00000223fee6b240, L_00000223fee6be20, C4<1>, C4<1>;
v00000223fee5b150_0 .net *"_ivl_1", 0 0, L_00000223fee6b240;  1 drivers
v00000223fee59f30_0 .net *"_ivl_2", 0 0, L_00000223fee6be20;  1 drivers
S_00000223fee5e840 .scope generate, "genblk1[5]" "genblk1[5]" 4 16, 4 16 0, S_00000223fee5e520;
 .timescale 0 0;
P_00000223fede4080 .param/l "j" 0 4 16, +C4<0101>;
L_00000223fee6f660 .functor AND 1, L_00000223fee6ba60, L_00000223fee6a8e0, C4<1>, C4<1>;
v00000223fee59350_0 .net *"_ivl_1", 0 0, L_00000223fee6ba60;  1 drivers
v00000223fee59030_0 .net *"_ivl_2", 0 0, L_00000223fee6a8e0;  1 drivers
S_00000223fee5dee0 .scope generate, "genblk1[6]" "genblk1[6]" 4 16, 4 16 0, S_00000223fee5e520;
 .timescale 0 0;
P_00000223fede4840 .param/l "j" 0 4 16, +C4<0110>;
L_00000223fee6feb0 .functor AND 1, L_00000223fee6c640, L_00000223fee6b9c0, C4<1>, C4<1>;
v00000223fee5b330_0 .net *"_ivl_1", 0 0, L_00000223fee6c640;  1 drivers
v00000223fee5a430_0 .net *"_ivl_2", 0 0, L_00000223fee6b9c0;  1 drivers
S_00000223fee5e070 .scope generate, "genblk1[7]" "genblk1[7]" 4 16, 4 16 0, S_00000223fee5e520;
 .timescale 0 0;
P_00000223fede4600 .param/l "j" 0 4 16, +C4<0111>;
L_00000223fee6f970 .functor AND 1, L_00000223fee6a840, L_00000223fee6a5c0, C4<1>, C4<1>;
v00000223fee59530_0 .net *"_ivl_1", 0 0, L_00000223fee6a840;  1 drivers
v00000223fee5acf0_0 .net *"_ivl_2", 0 0, L_00000223fee6a5c0;  1 drivers
S_00000223fee5e200 .scope generate, "genblk1[5]" "genblk1[5]" 4 15, 4 15 0, S_00000223fed75e50;
 .timescale 0 0;
P_00000223fede48c0 .param/l "i" 0 4 15, +C4<0101>;
S_00000223fee5e9d0 .scope generate, "genblk1[0]" "genblk1[0]" 4 16, 4 16 0, S_00000223fee5e200;
 .timescale 0 0;
P_00000223fede3ac0 .param/l "j" 0 4 16, +C4<00>;
L_00000223fee6f510 .functor AND 1, L_00000223fee6cb40, L_00000223fee6aca0, C4<1>, C4<1>;
v00000223fee5a390_0 .net *"_ivl_1", 0 0, L_00000223fee6cb40;  1 drivers
v00000223fee59c10_0 .net *"_ivl_2", 0 0, L_00000223fee6aca0;  1 drivers
S_00000223fee5dbc0 .scope generate, "genblk1[1]" "genblk1[1]" 4 16, 4 16 0, S_00000223fee5e200;
 .timescale 0 0;
P_00000223fede3c00 .param/l "j" 0 4 16, +C4<01>;
L_00000223fee6fba0 .functor AND 1, L_00000223fee6bd80, L_00000223fee6bba0, C4<1>, C4<1>;
v00000223fee59e90_0 .net *"_ivl_1", 0 0, L_00000223fee6bd80;  1 drivers
v00000223fee5b510_0 .net *"_ivl_2", 0 0, L_00000223fee6bba0;  1 drivers
S_00000223fee5e390 .scope generate, "genblk1[2]" "genblk1[2]" 4 16, 4 16 0, S_00000223fee5e200;
 .timescale 0 0;
P_00000223fede42c0 .param/l "j" 0 4 16, +C4<010>;
L_00000223fee6fb30 .functor AND 1, L_00000223fee6c320, L_00000223fee6af20, C4<1>, C4<1>;
v00000223fee5a1b0_0 .net *"_ivl_1", 0 0, L_00000223fee6c320;  1 drivers
v00000223fee5ad90_0 .net *"_ivl_2", 0 0, L_00000223fee6af20;  1 drivers
S_00000223fee5d710 .scope generate, "genblk1[3]" "genblk1[3]" 4 16, 4 16 0, S_00000223fee5e200;
 .timescale 0 0;
P_00000223fede3a80 .param/l "j" 0 4 16, +C4<011>;
L_00000223fee6fcf0 .functor AND 1, L_00000223fee6b1a0, L_00000223fee6c460, C4<1>, C4<1>;
v00000223fee5a250_0 .net *"_ivl_1", 0 0, L_00000223fee6b1a0;  1 drivers
v00000223fee5ab10_0 .net *"_ivl_2", 0 0, L_00000223fee6c460;  1 drivers
S_00000223fee5e6b0 .scope generate, "genblk1[4]" "genblk1[4]" 4 16, 4 16 0, S_00000223fee5e200;
 .timescale 0 0;
P_00000223fede4100 .param/l "j" 0 4 16, +C4<0100>;
L_00000223fee6fd60 .functor AND 1, L_00000223fee6bc40, L_00000223fee6bec0, C4<1>, C4<1>;
v00000223fee5aed0_0 .net *"_ivl_1", 0 0, L_00000223fee6bc40;  1 drivers
v00000223fee58f90_0 .net *"_ivl_2", 0 0, L_00000223fee6bec0;  1 drivers
S_00000223fee5cdb0 .scope generate, "genblk1[5]" "genblk1[5]" 4 16, 4 16 0, S_00000223fee5e200;
 .timescale 0 0;
P_00000223fede4700 .param/l "j" 0 4 16, +C4<0101>;
L_00000223fee6fc10 .functor AND 1, L_00000223fee6cbe0, L_00000223fee6b2e0, C4<1>, C4<1>;
v00000223fee5a2f0_0 .net *"_ivl_1", 0 0, L_00000223fee6cbe0;  1 drivers
v00000223fee5a610_0 .net *"_ivl_2", 0 0, L_00000223fee6b2e0;  1 drivers
S_00000223fee5ef50 .scope generate, "genblk1[6]" "genblk1[6]" 4 16, 4 16 0, S_00000223fee5e200;
 .timescale 0 0;
P_00000223fede4180 .param/l "j" 0 4 16, +C4<0110>;
L_00000223fee6f2e0 .functor AND 1, L_00000223fee6c000, L_00000223fee6ab60, C4<1>, C4<1>;
v00000223fee5a750_0 .net *"_ivl_1", 0 0, L_00000223fee6c000;  1 drivers
v00000223fee5b3d0_0 .net *"_ivl_2", 0 0, L_00000223fee6ab60;  1 drivers
S_00000223fee5edc0 .scope generate, "genblk1[7]" "genblk1[7]" 4 16, 4 16 0, S_00000223fee5e200;
 .timescale 0 0;
P_00000223fede3a00 .param/l "j" 0 4 16, +C4<0111>;
L_00000223fee6f6d0 .functor AND 1, L_00000223fee6c960, L_00000223fee6c0a0, C4<1>, C4<1>;
v00000223fee5a7f0_0 .net *"_ivl_1", 0 0, L_00000223fee6c960;  1 drivers
v00000223fee5a930_0 .net *"_ivl_2", 0 0, L_00000223fee6c0a0;  1 drivers
S_00000223fee5fbd0 .scope generate, "genblk1[6]" "genblk1[6]" 4 15, 4 15 0, S_00000223fed75e50;
 .timescale 0 0;
P_00000223fede41c0 .param/l "i" 0 4 15, +C4<0110>;
S_00000223fee5fef0 .scope generate, "genblk1[0]" "genblk1[0]" 4 16, 4 16 0, S_00000223fee5fbd0;
 .timescale 0 0;
P_00000223fede47c0 .param/l "j" 0 4 16, +C4<00>;
L_00000223fee6f3c0 .functor AND 1, L_00000223fee6c140, L_00000223fee6c500, C4<1>, C4<1>;
v00000223fee5a9d0_0 .net *"_ivl_1", 0 0, L_00000223fee6c140;  1 drivers
v00000223fee5b010_0 .net *"_ivl_2", 0 0, L_00000223fee6c500;  1 drivers
S_00000223fee5f400 .scope generate, "genblk1[1]" "genblk1[1]" 4 16, 4 16 0, S_00000223fee5fbd0;
 .timescale 0 0;
P_00000223fede4300 .param/l "j" 0 4 16, +C4<01>;
L_00000223fee6f740 .functor AND 1, L_00000223fee6c1e0, L_00000223fee6c280, C4<1>, C4<1>;
v00000223fee5b0b0_0 .net *"_ivl_1", 0 0, L_00000223fee6c1e0;  1 drivers
v00000223fee5c2d0_0 .net *"_ivl_2", 0 0, L_00000223fee6c280;  1 drivers
S_00000223fee5f590 .scope generate, "genblk1[2]" "genblk1[2]" 4 16, 4 16 0, S_00000223fee5fbd0;
 .timescale 0 0;
P_00000223fede3a40 .param/l "j" 0 4 16, +C4<010>;
L_00000223fee6f890 .functor AND 1, L_00000223fee6cc80, L_00000223fee6a700, C4<1>, C4<1>;
v00000223fee5ca50_0 .net *"_ivl_1", 0 0, L_00000223fee6cc80;  1 drivers
v00000223fee5bab0_0 .net *"_ivl_2", 0 0, L_00000223fee6a700;  1 drivers
S_00000223fee60850 .scope generate, "genblk1[3]" "genblk1[3]" 4 16, 4 16 0, S_00000223fee5fbd0;
 .timescale 0 0;
P_00000223fede4400 .param/l "j" 0 4 16, +C4<011>;
L_00000223fee6fdd0 .functor AND 1, L_00000223fee6afc0, L_00000223fee6c5a0, C4<1>, C4<1>;
v00000223fee5c730_0 .net *"_ivl_1", 0 0, L_00000223fee6afc0;  1 drivers
v00000223fee5b970_0 .net *"_ivl_2", 0 0, L_00000223fee6c5a0;  1 drivers
S_00000223fee60530 .scope generate, "genblk1[4]" "genblk1[4]" 4 16, 4 16 0, S_00000223fee5fbd0;
 .timescale 0 0;
P_00000223fede4340 .param/l "j" 0 4 16, +C4<0100>;
L_00000223fee6fe40 .functor AND 1, L_00000223fee6a7a0, L_00000223fee6b060, C4<1>, C4<1>;
v00000223fee5c7d0_0 .net *"_ivl_1", 0 0, L_00000223fee6a7a0;  1 drivers
v00000223fee5ba10_0 .net *"_ivl_2", 0 0, L_00000223fee6b060;  1 drivers
S_00000223fee5f270 .scope generate, "genblk1[5]" "genblk1[5]" 4 16, 4 16 0, S_00000223fee5fbd0;
 .timescale 0 0;
P_00000223fede4200 .param/l "j" 0 4 16, +C4<0101>;
L_00000223fee6f350 .functor AND 1, L_00000223fee6c6e0, L_00000223fee6c820, C4<1>, C4<1>;
v00000223fee5c870_0 .net *"_ivl_1", 0 0, L_00000223fee6c6e0;  1 drivers
v00000223fee5c9b0_0 .net *"_ivl_2", 0 0, L_00000223fee6c820;  1 drivers
S_00000223fee60080 .scope generate, "genblk1[6]" "genblk1[6]" 4 16, 4 16 0, S_00000223fee5fbd0;
 .timescale 0 0;
P_00000223fede4280 .param/l "j" 0 4 16, +C4<0110>;
L_00000223fee6f580 .functor AND 1, L_00000223fee6b600, L_00000223fee6a660, C4<1>, C4<1>;
v00000223fee5caf0_0 .net *"_ivl_1", 0 0, L_00000223fee6b600;  1 drivers
v00000223fee5c410_0 .net *"_ivl_2", 0 0, L_00000223fee6a660;  1 drivers
S_00000223fee5fd60 .scope generate, "genblk1[7]" "genblk1[7]" 4 16, 4 16 0, S_00000223fee5fbd0;
 .timescale 0 0;
P_00000223fede4380 .param/l "j" 0 4 16, +C4<0111>;
L_00000223fee6f9e0 .functor AND 1, L_00000223fee6c780, L_00000223fee6c8c0, C4<1>, C4<1>;
v00000223fee5bb50_0 .net *"_ivl_1", 0 0, L_00000223fee6c780;  1 drivers
v00000223fee5c910_0 .net *"_ivl_2", 0 0, L_00000223fee6c8c0;  1 drivers
S_00000223fee5f720 .scope generate, "genblk1[7]" "genblk1[7]" 4 15, 4 15 0, S_00000223fed75e50;
 .timescale 0 0;
P_00000223fede4880 .param/l "i" 0 4 15, +C4<0111>;
S_00000223fee5f8b0 .scope generate, "genblk1[0]" "genblk1[0]" 4 16, 4 16 0, S_00000223fee5f720;
 .timescale 0 0;
P_00000223fede3b40 .param/l "j" 0 4 16, +C4<00>;
L_00000223fee6f430 .functor AND 1, L_00000223fee6cd20, L_00000223fee6aac0, C4<1>, C4<1>;
v00000223fee5c370_0 .net *"_ivl_1", 0 0, L_00000223fee6cd20;  1 drivers
v00000223fee5cb90_0 .net *"_ivl_2", 0 0, L_00000223fee6aac0;  1 drivers
S_00000223fee5fa40 .scope generate, "genblk1[1]" "genblk1[1]" 4 16, 4 16 0, S_00000223fee5f720;
 .timescale 0 0;
P_00000223fede3b80 .param/l "j" 0 4 16, +C4<01>;
L_00000223fee6fc80 .functor AND 1, L_00000223fee6ac00, L_00000223fee6b100, C4<1>, C4<1>;
v00000223fee5b6f0_0 .net *"_ivl_1", 0 0, L_00000223fee6ac00;  1 drivers
v00000223fee5bc90_0 .net *"_ivl_2", 0 0, L_00000223fee6b100;  1 drivers
S_00000223fee60b70 .scope generate, "genblk1[2]" "genblk1[2]" 4 16, 4 16 0, S_00000223fee5f720;
 .timescale 0 0;
P_00000223fede43c0 .param/l "j" 0 4 16, +C4<010>;
L_00000223fee6efd0 .functor AND 1, L_00000223fee6ade0, L_00000223fee6b380, C4<1>, C4<1>;
v00000223fee5c4b0_0 .net *"_ivl_1", 0 0, L_00000223fee6ade0;  1 drivers
v00000223fee5cc30_0 .net *"_ivl_2", 0 0, L_00000223fee6b380;  1 drivers
S_00000223fee60210 .scope generate, "genblk1[3]" "genblk1[3]" 4 16, 4 16 0, S_00000223fee5f720;
 .timescale 0 0;
P_00000223fede5340 .param/l "j" 0 4 16, +C4<011>;
L_00000223fee6f270 .functor AND 1, L_00000223fee6b420, L_00000223fee6b4c0, C4<1>, C4<1>;
v00000223fee5c550_0 .net *"_ivl_1", 0 0, L_00000223fee6b420;  1 drivers
v00000223fee5c690_0 .net *"_ivl_2", 0 0, L_00000223fee6b4c0;  1 drivers
S_00000223fee603a0 .scope generate, "genblk1[4]" "genblk1[4]" 4 16, 4 16 0, S_00000223fee5f720;
 .timescale 0 0;
P_00000223fede5040 .param/l "j" 0 4 16, +C4<0100>;
L_00000223fee6f040 .functor AND 1, L_00000223fee6b560, L_00000223fee6b6a0, C4<1>, C4<1>;
v00000223fee5c5f0_0 .net *"_ivl_1", 0 0, L_00000223fee6b560;  1 drivers
v00000223fee5b5b0_0 .net *"_ivl_2", 0 0, L_00000223fee6b6a0;  1 drivers
S_00000223fee606c0 .scope generate, "genblk1[5]" "genblk1[5]" 4 16, 4 16 0, S_00000223fee5f720;
 .timescale 0 0;
P_00000223fede4f40 .param/l "j" 0 4 16, +C4<0101>;
L_00000223fee6f0b0 .functor AND 1, L_00000223fee6dcc0, L_00000223fee6d900, C4<1>, C4<1>;
v00000223fee5bbf0_0 .net *"_ivl_1", 0 0, L_00000223fee6dcc0;  1 drivers
v00000223fee5b650_0 .net *"_ivl_2", 0 0, L_00000223fee6d900;  1 drivers
S_00000223fee5f0e0 .scope generate, "genblk1[6]" "genblk1[6]" 4 16, 4 16 0, S_00000223fee5f720;
 .timescale 0 0;
P_00000223fede55c0 .param/l "j" 0 4 16, +C4<0110>;
L_00000223fee6fa50 .functor AND 1, L_00000223fee6d4a0, L_00000223fee6d860, C4<1>, C4<1>;
v00000223fee5b790_0 .net *"_ivl_1", 0 0, L_00000223fee6d4a0;  1 drivers
v00000223fee5be70_0 .net *"_ivl_2", 0 0, L_00000223fee6d860;  1 drivers
S_00000223fee609e0 .scope generate, "genblk1[7]" "genblk1[7]" 4 16, 4 16 0, S_00000223fee5f720;
 .timescale 0 0;
P_00000223fede5800 .param/l "j" 0 4 16, +C4<0111>;
L_00000223fee6f900 .functor AND 1, L_00000223fee6d0e0, L_00000223fee6d220, C4<1>, C4<1>;
v00000223fee5bd30_0 .net *"_ivl_1", 0 0, L_00000223fee6d0e0;  1 drivers
v00000223fee5bdd0_0 .net *"_ivl_2", 0 0, L_00000223fee6d220;  1 drivers
    .scope S_00000223fedefda0;
T_0 ;
    %vpi_call 3 16 "$dumpfile", "waves/multiplier_wallace.vcd" {0 0 0};
    %vpi_call 3 17 "$dumpvars", 32'sb00000000000000000000000000000000, S_00000223fedefda0 {0 0 0};
    %pushi/vec4 0, 0, 8;
    %store/vec4 v00000223fee61240_0, 0, 8;
    %pushi/vec4 0, 0, 8;
    %store/vec4 v00000223fee614c0_0, 0, 8;
    %delay 10000, 0;
    %pushi/vec4 5, 0, 8;
    %store/vec4 v00000223fee61240_0, 0, 8;
    %pushi/vec4 7, 0, 8;
    %store/vec4 v00000223fee614c0_0, 0, 8;
    %delay 10000, 0;
    %pushi/vec4 10, 0, 8;
    %store/vec4 v00000223fee61240_0, 0, 8;
    %pushi/vec4 14, 0, 8;
    %store/vec4 v00000223fee614c0_0, 0, 8;
    %delay 10000, 0;
    %pushi/vec4 25, 0, 8;
    %store/vec4 v00000223fee61240_0, 0, 8;
    %pushi/vec4 3, 0, 8;
    %store/vec4 v00000223fee614c0_0, 0, 8;
    %delay 10000, 0;
    %pushi/vec4 55, 0, 8;
    %store/vec4 v00000223fee61240_0, 0, 8;
    %pushi/vec4 22, 0, 8;
    %store/vec4 v00000223fee614c0_0, 0, 8;
    %delay 10000, 0;
    %pushi/vec4 100, 0, 8;
    %store/vec4 v00000223fee61240_0, 0, 8;
    %pushi/vec4 12, 0, 8;
    %store/vec4 v00000223fee614c0_0, 0, 8;
    %delay 10000, 0;
    %pushi/vec4 255, 0, 8;
    %store/vec4 v00000223fee61240_0, 0, 8;
    %pushi/vec4 1, 0, 8;
    %store/vec4 v00000223fee614c0_0, 0, 8;
    %delay 10000, 0;
    %pushi/vec4 255, 0, 8;
    %store/vec4 v00000223fee61240_0, 0, 8;
    %pushi/vec4 255, 0, 8;
    %store/vec4 v00000223fee614c0_0, 0, 8;
    %delay 10000, 0;
    %vpi_call 3 29 "$display", "Simulation complete." {0 0 0};
    %vpi_call 3 30 "$finish" {0 0 0};
    %end;
    .thread T_0;
# The file index is used to find the file name in the following table.
:file_names 6;
    "N/A";
    "<interactive>";
    "src/half_adder.v";
    "tb/tb_multiplier_wallace.v";
    "src/multiplier_wallace.v";
    "src/full_adder.v";
