#! /c/Source/iverilog-install/bin/vvp
:ivl_version "12.0 (devel)" "(s20150603-1539-g2693dd32b)";
:ivl_delay_selection "TYPICAL";
:vpi_time_precision - 12;
:vpi_module "C:\iverilog\lib\ivl\system.vpi";
:vpi_module "C:\iverilog\lib\ivl\vhdl_sys.vpi";
:vpi_module "C:\iverilog\lib\ivl\vhdl_textio.vpi";
:vpi_module "C:\iverilog\lib\ivl\v2005_math.vpi";
:vpi_module "C:\iverilog\lib\ivl\va_math.vpi";
S_000001eeed302950 .scope module, "tb_multiplier_fast" "tb_multiplier_fast" 2 3;
 .timescale -9 -12;
v000001eeed36bc90_0 .var "a", 7 0;
v000001eeed36c370_0 .var "b", 7 0;
v000001eeed36bbf0_0 .var/i "i", 31 0;
v000001eeed36caf0_0 .net "product", 15 0, L_000001eeed36c550;  1 drivers
S_000001eeed302ae0 .scope module, "DUT" "multiplier_fast" 2 7, 3 7 0, S_000001eeed302950;
 .timescale 0 0;
    .port_info 0 /INPUT 8 "a";
    .port_info 1 /INPUT 8 "b";
    .port_info 2 /OUTPUT 16 "product";
v000001eeed2f97a0_0 .net *"_ivl_1", 0 0, L_000001eeed36c050;  1 drivers
v000001eeed2f9480_0 .net *"_ivl_11", 0 0, L_000001eeed36bb50;  1 drivers
L_000001eeed36cfc8 .functor BUFT 1, C4<0000000>, C4<0>, C4<0>, C4<0>;
v000001eeed2f9700_0 .net/2u *"_ivl_12", 6 0, L_000001eeed36cfc8;  1 drivers
L_000001eeed36d010 .functor BUFT 1, C4<0>, C4<0>, C4<0>, C4<0>;
v000001eeed3696e0_0 .net/2u *"_ivl_14", 0 0, L_000001eeed36d010;  1 drivers
v000001eeed3695a0_0 .net *"_ivl_16", 15 0, L_000001eeed36cc30;  1 drivers
L_000001eeed36d058 .functor BUFT 1, C4<0000000000000000>, C4<0>, C4<0>, C4<0>;
v000001eeed369960_0 .net/2u *"_ivl_18", 15 0, L_000001eeed36d058;  1 drivers
L_000001eeed36cf38 .functor BUFT 1, C4<00000000>, C4<0>, C4<0>, C4<0>;
v000001eeed36a220_0 .net/2u *"_ivl_2", 7 0, L_000001eeed36cf38;  1 drivers
v000001eeed3690a0_0 .net *"_ivl_23", 0 0, L_000001eeed36c7d0;  1 drivers
L_000001eeed36d0a0 .functor BUFT 1, C4<000000>, C4<0>, C4<0>, C4<0>;
v000001eeed36a720_0 .net/2u *"_ivl_24", 5 0, L_000001eeed36d0a0;  1 drivers
L_000001eeed36d0e8 .functor BUFT 1, C4<00>, C4<0>, C4<0>, C4<0>;
v000001eeed369000_0 .net/2u *"_ivl_26", 1 0, L_000001eeed36d0e8;  1 drivers
v000001eeed368f60_0 .net *"_ivl_28", 15 0, L_000001eeed36b790;  1 drivers
L_000001eeed36d130 .functor BUFT 1, C4<0000000000000000>, C4<0>, C4<0>, C4<0>;
v000001eeed36a4a0_0 .net/2u *"_ivl_30", 15 0, L_000001eeed36d130;  1 drivers
v000001eeed36ab80_0 .net *"_ivl_35", 0 0, L_000001eeed36ce10;  1 drivers
L_000001eeed36d178 .functor BUFT 1, C4<00000>, C4<0>, C4<0>, C4<0>;
v000001eeed369140_0 .net/2u *"_ivl_36", 4 0, L_000001eeed36d178;  1 drivers
L_000001eeed36d1c0 .functor BUFT 1, C4<000>, C4<0>, C4<0>, C4<0>;
v000001eeed369e60_0 .net/2u *"_ivl_38", 2 0, L_000001eeed36d1c0;  1 drivers
v000001eeed3691e0_0 .net *"_ivl_4", 15 0, L_000001eeed36b6f0;  1 drivers
v000001eeed36a860_0 .net *"_ivl_40", 15 0, L_000001eeed36ca50;  1 drivers
L_000001eeed36d208 .functor BUFT 1, C4<0000000000000000>, C4<0>, C4<0>, C4<0>;
v000001eeed369280_0 .net/2u *"_ivl_42", 15 0, L_000001eeed36d208;  1 drivers
v000001eeed369460_0 .net *"_ivl_47", 0 0, L_000001eeed36bfb0;  1 drivers
L_000001eeed36d250 .functor BUFT 1, C4<0000>, C4<0>, C4<0>, C4<0>;
v000001eeed369a00_0 .net/2u *"_ivl_48", 3 0, L_000001eeed36d250;  1 drivers
L_000001eeed36d298 .functor BUFT 1, C4<0000>, C4<0>, C4<0>, C4<0>;
v000001eeed36acc0_0 .net/2u *"_ivl_50", 3 0, L_000001eeed36d298;  1 drivers
v000001eeed36a9a0_0 .net *"_ivl_52", 15 0, L_000001eeed36b3d0;  1 drivers
L_000001eeed36d2e0 .functor BUFT 1, C4<0000000000000000>, C4<0>, C4<0>, C4<0>;
v000001eeed36a040_0 .net/2u *"_ivl_54", 15 0, L_000001eeed36d2e0;  1 drivers
v000001eeed369640_0 .net *"_ivl_59", 0 0, L_000001eeed36c4b0;  1 drivers
L_000001eeed36cf80 .functor BUFT 1, C4<0000000000000000>, C4<0>, C4<0>, C4<0>;
v000001eeed369780_0 .net/2u *"_ivl_6", 15 0, L_000001eeed36cf80;  1 drivers
L_000001eeed36d328 .functor BUFT 1, C4<000>, C4<0>, C4<0>, C4<0>;
v000001eeed36a2c0_0 .net/2u *"_ivl_60", 2 0, L_000001eeed36d328;  1 drivers
L_000001eeed36d370 .functor BUFT 1, C4<00000>, C4<0>, C4<0>, C4<0>;
v000001eeed36a540_0 .net/2u *"_ivl_62", 4 0, L_000001eeed36d370;  1 drivers
v000001eeed36a900_0 .net *"_ivl_64", 15 0, L_000001eeed36ba10;  1 drivers
L_000001eeed36d3b8 .functor BUFT 1, C4<0000000000000000>, C4<0>, C4<0>, C4<0>;
v000001eeed36aa40_0 .net/2u *"_ivl_66", 15 0, L_000001eeed36d3b8;  1 drivers
v000001eeed369d20_0 .net *"_ivl_71", 0 0, L_000001eeed36bd30;  1 drivers
L_000001eeed36d400 .functor BUFT 1, C4<00>, C4<0>, C4<0>, C4<0>;
v000001eeed36aae0_0 .net/2u *"_ivl_72", 1 0, L_000001eeed36d400;  1 drivers
L_000001eeed36d448 .functor BUFT 1, C4<000000>, C4<0>, C4<0>, C4<0>;
v000001eeed36a5e0_0 .net/2u *"_ivl_74", 5 0, L_000001eeed36d448;  1 drivers
v000001eeed3693c0_0 .net *"_ivl_76", 15 0, L_000001eeed36bdd0;  1 drivers
L_000001eeed36d490 .functor BUFT 1, C4<0000000000000000>, C4<0>, C4<0>, C4<0>;
v000001eeed36a680_0 .net/2u *"_ivl_78", 15 0, L_000001eeed36d490;  1 drivers
v000001eeed36a400_0 .net *"_ivl_83", 0 0, L_000001eeed36c870;  1 drivers
L_000001eeed36d4d8 .functor BUFT 1, C4<0>, C4<0>, C4<0>, C4<0>;
v000001eeed36ac20_0 .net/2u *"_ivl_84", 0 0, L_000001eeed36d4d8;  1 drivers
L_000001eeed36d520 .functor BUFT 1, C4<0000000>, C4<0>, C4<0>, C4<0>;
v000001eeed369dc0_0 .net/2u *"_ivl_86", 6 0, L_000001eeed36d520;  1 drivers
v000001eeed369aa0_0 .net *"_ivl_88", 15 0, L_000001eeed36c190;  1 drivers
L_000001eeed36d568 .functor BUFT 1, C4<0000000000000000>, C4<0>, C4<0>, C4<0>;
v000001eeed36a360_0 .net/2u *"_ivl_90", 15 0, L_000001eeed36d568;  1 drivers
v000001eeed36a7c0_0 .net "a", 7 0, v000001eeed36bc90_0;  1 drivers
v000001eeed369f00_0 .net "b", 7 0, v000001eeed36c370_0;  1 drivers
v000001eeed36ae00_0 .net "pp0", 15 0, L_000001eeed36bab0;  1 drivers
v000001eeed369b40_0 .net "pp1", 15 0, L_000001eeed36b8d0;  1 drivers
v000001eeed369320_0 .net "pp2", 15 0, L_000001eeed36b970;  1 drivers
v000001eeed36ad60_0 .net "pp3", 15 0, L_000001eeed36c910;  1 drivers
v000001eeed369500_0 .net "pp4", 15 0, L_000001eeed36c0f0;  1 drivers
v000001eeed369820_0 .net "pp5", 15 0, L_000001eeed36bf10;  1 drivers
v000001eeed36a0e0_0 .net "pp6", 15 0, L_000001eeed36c230;  1 drivers
v000001eeed3698c0_0 .net "pp7", 15 0, L_000001eeed36b830;  1 drivers
v000001eeed369be0_0 .net "product", 15 0, L_000001eeed36c550;  alias, 1 drivers
v000001eeed369c80_0 .net "s0", 15 0, L_000001eeed36c5f0;  1 drivers
v000001eeed369fa0_0 .net "s1", 15 0, L_000001eeed36c410;  1 drivers
v000001eeed36a180_0 .net "s2", 15 0, L_000001eeed36c9b0;  1 drivers
v000001eeed36cb90_0 .net "s3", 15 0, L_000001eeed36c690;  1 drivers
v000001eeed36be70_0 .net "t0", 15 0, L_000001eeed36ccd0;  1 drivers
v000001eeed36c2d0_0 .net "t1", 15 0, L_000001eeed36cd70;  1 drivers
L_000001eeed36c050 .part v000001eeed36c370_0, 0, 1;
L_000001eeed36b6f0 .concat [ 8 8 0 0], v000001eeed36bc90_0, L_000001eeed36cf38;
L_000001eeed36bab0 .functor MUXZ 16, L_000001eeed36cf80, L_000001eeed36b6f0, L_000001eeed36c050, C4<>;
L_000001eeed36bb50 .part v000001eeed36c370_0, 1, 1;
L_000001eeed36cc30 .concat [ 1 8 7 0], L_000001eeed36d010, v000001eeed36bc90_0, L_000001eeed36cfc8;
L_000001eeed36b8d0 .functor MUXZ 16, L_000001eeed36d058, L_000001eeed36cc30, L_000001eeed36bb50, C4<>;
L_000001eeed36c7d0 .part v000001eeed36c370_0, 2, 1;
L_000001eeed36b790 .concat [ 2 8 6 0], L_000001eeed36d0e8, v000001eeed36bc90_0, L_000001eeed36d0a0;
L_000001eeed36b970 .functor MUXZ 16, L_000001eeed36d130, L_000001eeed36b790, L_000001eeed36c7d0, C4<>;
L_000001eeed36ce10 .part v000001eeed36c370_0, 3, 1;
L_000001eeed36ca50 .concat [ 3 8 5 0], L_000001eeed36d1c0, v000001eeed36bc90_0, L_000001eeed36d178;
L_000001eeed36c910 .functor MUXZ 16, L_000001eeed36d208, L_000001eeed36ca50, L_000001eeed36ce10, C4<>;
L_000001eeed36bfb0 .part v000001eeed36c370_0, 4, 1;
L_000001eeed36b3d0 .concat [ 4 8 4 0], L_000001eeed36d298, v000001eeed36bc90_0, L_000001eeed36d250;
L_000001eeed36c0f0 .functor MUXZ 16, L_000001eeed36d2e0, L_000001eeed36b3d0, L_000001eeed36bfb0, C4<>;
L_000001eeed36c4b0 .part v000001eeed36c370_0, 5, 1;
L_000001eeed36ba10 .concat [ 5 8 3 0], L_000001eeed36d370, v000001eeed36bc90_0, L_000001eeed36d328;
L_000001eeed36bf10 .functor MUXZ 16, L_000001eeed36d3b8, L_000001eeed36ba10, L_000001eeed36c4b0, C4<>;
L_000001eeed36bd30 .part v000001eeed36c370_0, 6, 1;
L_000001eeed36bdd0 .concat [ 6 8 2 0], L_000001eeed36d448, v000001eeed36bc90_0, L_000001eeed36d400;
L_000001eeed36c230 .functor MUXZ 16, L_000001eeed36d490, L_000001eeed36bdd0, L_000001eeed36bd30, C4<>;
L_000001eeed36c870 .part v000001eeed36c370_0, 7, 1;
L_000001eeed36c190 .concat [ 7 8 1 0], L_000001eeed36d520, v000001eeed36bc90_0, L_000001eeed36d4d8;
L_000001eeed36b830 .functor MUXZ 16, L_000001eeed36d568, L_000001eeed36c190, L_000001eeed36c870, C4<>;
L_000001eeed36c5f0 .arith/sum 16, L_000001eeed36bab0, L_000001eeed36b8d0;
L_000001eeed36c410 .arith/sum 16, L_000001eeed36b970, L_000001eeed36c910;
L_000001eeed36c9b0 .arith/sum 16, L_000001eeed36c0f0, L_000001eeed36bf10;
L_000001eeed36c690 .arith/sum 16, L_000001eeed36c230, L_000001eeed36b830;
L_000001eeed36ccd0 .arith/sum 16, L_000001eeed36c5f0, L_000001eeed36c410;
L_000001eeed36cd70 .arith/sum 16, L_000001eeed36c9b0, L_000001eeed36c690;
L_000001eeed36c550 .arith/sum 16, L_000001eeed36ccd0, L_000001eeed36cd70;
    .scope S_000001eeed302950;
T_0 ;
    %vpi_call 2 12 "$dumpfile", "waves/multiplier_fast.vcd" {0 0 0};
    %vpi_call 2 13 "$dumpvars", 32'sb00000000000000000000000000000000, S_000001eeed302950 {0 0 0};
    %pushi/vec4 1, 0, 8;
    %store/vec4 v000001eeed36bc90_0, 0, 8;
    %pushi/vec4 255, 0, 8;
    %store/vec4 v000001eeed36c370_0, 0, 8;
    %delay 10000, 0;
    %pushi/vec4 5, 0, 8;
    %store/vec4 v000001eeed36bc90_0, 0, 8;
    %pushi/vec4 10, 0, 8;
    %store/vec4 v000001eeed36c370_0, 0, 8;
    %delay 10000, 0;
    %pushi/vec4 15, 0, 8;
    %store/vec4 v000001eeed36bc90_0, 0, 8;
    %pushi/vec4 15, 0, 8;
    %store/vec4 v000001eeed36c370_0, 0, 8;
    %delay 10000, 0;
    %pushi/vec4 127, 0, 8;
    %store/vec4 v000001eeed36bc90_0, 0, 8;
    %pushi/vec4 2, 0, 8;
    %store/vec4 v000001eeed36c370_0, 0, 8;
    %delay 10000, 0;
    %pushi/vec4 255, 0, 8;
    %store/vec4 v000001eeed36bc90_0, 0, 8;
    %pushi/vec4 255, 0, 8;
    %store/vec4 v000001eeed36c370_0, 0, 8;
    %delay 10000, 0;
    %pushi/vec4 0, 0, 32;
    %store/vec4 v000001eeed36bbf0_0, 0, 32;
T_0.0 ;
    %load/vec4 v000001eeed36bbf0_0;
    %cmpi/s 2000, 0, 32;
    %jmp/0xz T_0.1, 5;
    %vpi_func 2 24 "$random" 32 {0 0 0};
    %pushi/vec4 256, 0, 32;
    %mod/s;
    %pad/s 8;
    %store/vec4 v000001eeed36bc90_0, 0, 8;
    %vpi_func 2 25 "$random" 32 {0 0 0};
    %pushi/vec4 256, 0, 32;
    %mod/s;
    %pad/s 8;
    %store/vec4 v000001eeed36c370_0, 0, 8;
    %delay 1000, 0;
    %load/vec4 v000001eeed36caf0_0;
    %load/vec4 v000001eeed36bc90_0;
    %pad/u 16;
    %load/vec4 v000001eeed36c370_0;
    %pad/u 16;
    %mul;
    %cmp/ne;
    %jmp/0xz  T_0.2, 6;
    %load/vec4 v000001eeed36bc90_0;
    %load/vec4 v000001eeed36c370_0;
    %mul;
    %vpi_call 2 28 "$display", "ERROR: a=%0d b=%0d product=%0d expected=%0d", v000001eeed36bc90_0, v000001eeed36c370_0, v000001eeed36caf0_0, S<0,vec4,u8> {1 0 0};
    %vpi_call 2 29 "$finish" {0 0 0};
T_0.2 ;
    %delay 4000, 0;
    %load/vec4 v000001eeed36bbf0_0;
    %addi 1, 0, 32;
    %store/vec4 v000001eeed36bbf0_0, 0, 32;
    %jmp T_0.0;
T_0.1 ;
    %vpi_call 2 34 "$display", "All random checks passed." {0 0 0};
    %vpi_call 2 35 "$finish" {0 0 0};
    %end;
    .thread T_0;
# The file index is used to find the file name in the following table.
:file_names 4;
    "N/A";
    "<interactive>";
    "tb/tb_multiplier_fast.v";
    "src/multiplier_fast.v";
